[2020-04-08 22:26:06] dev.ERROR: Cannot render an array variable as a string: {{ image }}  
[2020-04-08 22:29:01] dev.ERROR: ErrorException: Invalid argument supplied for foreach() in /Users/joshuajones/Desktop/sideproject/statamic/bundles/Replicator/ReplicatorFieldtype.php:37
Stack trace:
#0 /Users/joshuajones/Desktop/sideproject/statamic/bundles/Replicator/ReplicatorFieldtype.php(37): Illuminate\Foundation\Bootstrap\HandleExceptions->handleError(2, 'Invalid argumen...', '/Users/joshuajo...', 37, Array)
#1 /Users/joshuajones/Desktop/sideproject/statamic/bundles/Replicator/ReplicatorFieldtype.php(23): Statamic\Addons\Replicator\ReplicatorFieldtype->performProcess('Your billing st...')
#2 /Users/joshuajones/Desktop/sideproject/statamic/core/Data/Processor.php(35): Statamic\Addons\Replicator\ReplicatorFieldtype->preProcess('Your billing st...')
#3 [internal function]: Statamic\Data\Processor->Statamic\Data\{closure}('Your billing st...', 'large_text_head...')
#4 /Users/joshuajones/Desktop/sideproject/statamic/vendor/laravel/framework/src/Illuminate/Support/Collection.php(469): array_map(Object(Closure), Array, Array)
#5 /Users/joshuajones/Desktop/sideproject/statamic/core/Data/Processor.php(37): Illuminate\Support\Collection->map(Object(Closure))
#6 /Users/joshuajones/Desktop/sideproject/statamic/core/Data/Data.php(411): Statamic\Data\Processor->preProcess(Array)
#7 /Users/joshuajones/Desktop/sideproject/statamic/core/Http/Controllers/PublishPageController.php(77): Statamic\Data\Data->processedData()
#8 [internal function]: Statamic\Http\Controllers\PublishPageController->edit(Object(Illuminate\Http\Request))
#9 /Users/joshuajones/Desktop/sideproject/statamic/vendor/laravel/framework/src/Illuminate/Routing/Controller.php(256): call_user_func_array(Array, Array)
#10 /Users/joshuajones/Desktop/sideproject/statamic/vendor/laravel/framework/src/Illuminate/Routing/ControllerDispatcher.php(164): Illuminate\Routing\Controller->callAction('edit', Array)
#11 /Users/joshuajones/Desktop/sideproject/statamic/vendor/laravel/framework/src/Illuminate/Routing/ControllerDispatcher.php(112): Illuminate\Routing\ControllerDispatcher->call(Object(Statamic\Http\Controllers\PublishPageController), Object(Illuminate\Routing\Route), 'edit')
#12 [internal function]: Illuminate\Routing\ControllerDispatcher->Illuminate\Routing\{closure}(Object(Illuminate\Http\Request))
#13 /Users/joshuajones/Desktop/sideproject/statamic/vendor/laravel/framework/src/Illuminate/Pipeline/Pipeline.php(139): call_user_func(Object(Closure), Object(Illuminate\Http\Request))
#14 [internal function]: Illuminate\Pipeline\Pipeline->Illuminate\Pipeline\{closure}(Object(Illuminate\Http\Request))
#15 /Users/joshuajones/Desktop/sideproject/statamic/vendor/laravel/framework/src/Illuminate/Pipeline/Pipeline.php(102): call_user_func(Object(Closure), Object(Illuminate\Http\Request))
#16 /Users/joshuajones/Desktop/sideproject/statamic/vendor/laravel/framework/src/Illuminate/Routing/ControllerDispatcher.php(114): Illuminate\Pipeline\Pipeline->then(Object(Closure))
#17 /Users/joshuajones/Desktop/sideproject/statamic/vendor/laravel/framework/src/Illuminate/Routing/ControllerDispatcher.php(68): Illuminate\Routing\ControllerDispatcher->callWithinStack(Object(Statamic\Http\Controllers\PublishPageController), Object(Illuminate\Routing\Route), Object(Illuminate\Http\Request), 'edit')
#18 /Users/joshuajones/Desktop/sideproject/statamic/vendor/laravel/framework/src/Illuminate/Routing/Route.php(203): Illuminate\Routing\ControllerDispatcher->dispatch(Object(Illuminate\Routing\Route), Object(Illuminate\Http\Request), 'Statamic\\Http\\C...', 'edit')
#19 /Users/joshuajones/Desktop/sideproject/statamic/vendor/laravel/framework/src/Illuminate/Routing/Route.php(134): Illuminate\Routing\Route->runWithCustomDispatcher(Object(Illuminate\Http\Request))
#20 /Users/joshuajones/Desktop/sideproject/statamic/vendor/laravel/framework/src/Illuminate/Routing/Router.php(708): Illuminate\Routing\Route->run(Object(Illuminate\Http\Request))
#21 [internal function]: Illuminate\Routing\Router->Illuminate\Routing\{closure}(Object(Illuminate\Http\Request))
#22 /Users/joshuajones/Desktop/sideproject/statamic/vendor/laravel/framework/src/Illuminate/Pipeline/Pipeline.php(139): call_user_func(Object(Closure), Object(Illuminate\Http\Request))
#23 /Users/joshuajones/Desktop/sideproject/statamic/core/Http/Middleware/CP/Authenticate.php(62): Illuminate\Pipeline\Pipeline->Illuminate\Pipeline\{closure}(Object(Illuminate\Http\Request))
#24 [internal function]: Statamic\Http\Middleware\CP\Authenticate->handle(Object(Illuminate\Http\Request), Object(Closure))
#25 /Users/joshuajones/Desktop/sideproject/statamic/vendor/laravel/framework/src/Illuminate/Pipeline/Pipeline.php(124): call_user_func_array(Array, Array)
#26 /Users/joshuajones/Desktop/sideproject/statamic/core/Http/Middleware/Outpost.php(48): Illuminate\Pipeline\Pipeline->Illuminate\Pipeline\{closure}(Object(Illuminate\Http\Request))
#27 [internal function]: Statamic\Http\Middleware\Outpost->handle(Object(Illuminate\Http\Request), Object(Closure))
#28 /Users/joshuajones/Desktop/sideproject/statamic/vendor/laravel/framework/src/Illuminate/Pipeline/Pipeline.php(124): call_user_func_array(Array, Array)
#29 /Users/joshuajones/Desktop/sideproject/statamic/core/Http/Middleware/CP/Localize.php(25): Illuminate\Pipeline\Pipeline->Illuminate\Pipeline\{closure}(Object(Illuminate\Http\Request))
#30 [internal function]: Statamic\Http\Middleware\CP\Localize->handle(Object(Illuminate\Http\Request), Object(Closure))
#31 /Users/joshuajones/Desktop/sideproject/statamic/vendor/laravel/framework/src/Illuminate/Pipeline/Pipeline.php(124): call_user_func_array(Array, Array)
#32 /Users/joshuajones/Desktop/sideproject/statamic/core/Http/Middleware/CP/DefaultLocale.php(28): Illuminate\Pipeline\Pipeline->Illuminate\Pipeline\{closure}(Object(Illuminate\Http\Request))
#33 [internal function]: Statamic\Http\Middleware\CP\DefaultLocale->handle(Object(Illuminate\Http\Request), Object(Closure))
#34 /Users/joshuajones/Desktop/sideproject/statamic/vendor/laravel/framework/src/Illuminate/Pipeline/Pipeline.php(124): call_user_func_array(Array, Array)
#35 /Users/joshuajones/Desktop/sideproject/statamic/core/Http/Middleware/CP/AddHeaders.php(19): Illuminate\Pipeline\Pipeline->Illuminate\Pipeline\{closure}(Object(Illuminate\Http\Request))
#36 [internal function]: Statamic\Http\Middleware\CP\AddHeaders->handle(Object(Illuminate\Http\Request), Object(Closure))
#37 /Users/joshuajones/Desktop/sideproject/statamic/vendor/laravel/framework/src/Illuminate/Pipeline/Pipeline.php(124): call_user_func_array(Array, Array)
#38 /Users/joshuajones/Desktop/sideproject/statamic/core/Http/Middleware/CpEnabled.php(23): Illuminate\Pipeline\Pipeline->Illuminate\Pipeline\{closure}(Object(Illuminate\Http\Request))
#39 [internal function]: Statamic\Http\Middleware\CpEnabled->handle(Object(Illuminate\Http\Request), Object(Closure))
#40 /Users/joshuajones/Desktop/sideproject/statamic/vendor/laravel/framework/src/Illuminate/Pipeline/Pipeline.php(124): call_user_func_array(Array, Array)
#41 [internal function]: Illuminate\Pipeline\Pipeline->Illuminate\Pipeline\{closure}(Object(Illuminate\Http\Request))
#42 /Users/joshuajones/Desktop/sideproject/statamic/vendor/laravel/framework/src/Illuminate/Pipeline/Pipeline.php(102): call_user_func(Object(Closure), Object(Illuminate\Http\Request))
#43 /Users/joshuajones/Desktop/sideproject/statamic/vendor/laravel/framework/src/Illuminate/Routing/Router.php(710): Illuminate\Pipeline\Pipeline->then(Object(Closure))
#44 /Users/joshuajones/Desktop/sideproject/statamic/vendor/laravel/framework/src/Illuminate/Routing/Router.php(674): Illuminate\Routing\Router->runRouteWithinStack(Object(Illuminate\Routing\Route), Object(Illuminate\Http\Request))
#45 /Users/joshuajones/Desktop/sideproject/statamic/vendor/laravel/framework/src/Illuminate/Routing/Router.php(635): Illuminate\Routing\Router->dispatchToRoute(Object(Illuminate\Http\Request))
#46 /Users/joshuajones/Desktop/sideproject/statamic/vendor/laravel/framework/src/Illuminate/Foundation/Http/Kernel.php(236): Illuminate\Routing\Router->dispatch(Object(Illuminate\Http\Request))
#47 [internal function]: Illuminate\Foundation\Http\Kernel->Illuminate\Foundation\Http\{closure}(Object(Illuminate\Http\Request))
#48 /Users/joshuajones/Desktop/sideproject/statamic/vendor/laravel/framework/src/Illuminate/Pipeline/Pipeline.php(139): call_user_func(Object(Closure), Object(Illuminate\Http\Request))
#49 /Users/joshuajones/Desktop/sideproject/statamic/core/Http/Middleware/TransformsRequest.php(31): Illuminate\Pipeline\Pipeline->Illuminate\Pipeline\{closure}(Object(Illuminate\Http\Request))
#50 [internal function]: Statamic\Http\Middleware\TransformsRequest->handle(Object(Illuminate\Http\Request), Object(Closure))
#51 /Users/joshuajones/Desktop/sideproject/statamic/vendor/laravel/framework/src/Illuminate/Pipeline/Pipeline.php(124): call_user_func_array(Array, Array)
#52 /Users/joshuajones/Desktop/sideproject/statamic/vendor/laravel/framework/src/Illuminate/Foundation/Http/Middleware/VerifyCsrfToken.php(50): Illuminate\Pipeline\Pipeline->Illuminate\Pipeline\{closure}(Object(Illuminate\Http\Request))
#53 [internal function]: Illuminate\Foundation\Http\Middleware\VerifyCsrfToken->handle(Object(Illuminate\Http\Request), Object(Closure))
#54 /Users/joshuajones/Desktop/sideproject/statamic/vendor/laravel/framework/src/Illuminate/Pipeline/Pipeline.php(124): call_user_func_array(Array, Array)
#55 /Users/joshuajones/Desktop/sideproject/statamic/vendor/laravel/framework/src/Illuminate/View/Middleware/ShareErrorsFromSession.php(49): Illuminate\Pipeline\Pipeline->Illuminate\Pipeline\{closure}(Object(Illuminate\Http\Request))
#56 [internal function]: Illuminate\View\Middleware\ShareErrorsFromSession->handle(Object(Illuminate\Http\Request), Object(Closure))
#57 /Users/joshuajones/Desktop/sideproject/statamic/vendor/laravel/framework/src/Illuminate/Pipeline/Pipeline.php(124): call_user_func_array(Array, Array)
#58 /Users/joshuajones/Desktop/sideproject/statamic/vendor/laravel/framework/src/Illuminate/Session/Middleware/StartSession.php(62): Illuminate\Pipeline\Pipeline->Illuminate\Pipeline\{closure}(Object(Illuminate\Http\Request))
#59 [internal function]: Illuminate\Session\Middleware\StartSession->handle(Object(Illuminate\Http\Request), Object(Closure))
#60 /Users/joshuajones/Desktop/sideproject/statamic/vendor/laravel/framework/src/Illuminate/Pipeline/Pipeline.php(124): call_user_func_array(Array, Array)
#61 /Users/joshuajones/Desktop/sideproject/statamic/vendor/laravel/framework/src/Illuminate/Cookie/Middleware/AddQueuedCookiesToResponse.php(37): Illuminate\Pipeline\Pipeline->Illuminate\Pipeline\{closure}(Object(Illuminate\Http\Request))
#62 [internal function]: Illuminate\Cookie\Middleware\AddQueuedCookiesToResponse->handle(Object(Illuminate\Http\Request), Object(Closure))
#63 /Users/joshuajones/Desktop/sideproject/statamic/vendor/laravel/framework/src/Illuminate/Pipeline/Pipeline.php(124): call_user_func_array(Array, Array)
#64 /Users/joshuajones/Desktop/sideproject/statamic/vendor/laravel/framework/src/Illuminate/Cookie/Middleware/EncryptCookies.php(59): Illuminate\Pipeline\Pipeline->Illuminate\Pipeline\{closure}(Object(Illuminate\Http\Request))
#65 [internal function]: Illuminate\Cookie\Middleware\EncryptCookies->handle(Object(Illuminate\Http\Request), Object(Closure))
#66 /Users/joshuajones/Desktop/sideproject/statamic/vendor/laravel/framework/src/Illuminate/Pipeline/Pipeline.php(124): call_user_func_array(Array, Array)
#67 /Users/joshuajones/Desktop/sideproject/statamic/core/StaticCaching/Middleware/Retrieve.php(33): Illuminate\Pipeline\Pipeline->Illuminate\Pipeline\{closure}(Object(Illuminate\Http\Request))
#68 [internal function]: Statamic\StaticCaching\Middleware\Retrieve->handle(Object(Illuminate\Http\Request), Object(Closure))
#69 /Users/joshuajones/Desktop/sideproject/statamic/vendor/laravel/framework/src/Illuminate/Pipeline/Pipeline.php(124): call_user_func_array(Array, Array)
#70 /Users/joshuajones/Desktop/sideproject/statamic/vendor/laravel/framework/src/Illuminate/Foundation/Http/Middleware/CheckForMaintenanceMode.php(44): Illuminate\Pipeline\Pipeline->Illuminate\Pipeline\{closure}(Object(Illuminate\Http\Request))
#71 [internal function]: Illuminate\Foundation\Http\Middleware\CheckForMaintenanceMode->handle(Object(Illuminate\Http\Request), Object(Closure))
#72 /Users/joshuajones/Desktop/sideproject/statamic/vendor/laravel/framework/src/Illuminate/Pipeline/Pipeline.php(124): call_user_func_array(Array, Array)
#73 [internal function]: Illuminate\Pipeline\Pipeline->Illuminate\Pipeline\{closure}(Object(Illuminate\Http\Request))
#74 /Users/joshuajones/Desktop/sideproject/statamic/vendor/laravel/framework/src/Illuminate/Pipeline/Pipeline.php(102): call_user_func(Object(Closure), Object(Illuminate\Http\Request))
#75 /Users/joshuajones/Desktop/sideproject/statamic/vendor/laravel/framework/src/Illuminate/Foundation/Http/Kernel.php(122): Illuminate\Pipeline\Pipeline->then(Object(Closure))
#76 /Users/joshuajones/Desktop/sideproject/statamic/vendor/laravel/framework/src/Illuminate/Foundation/Http/Kernel.php(87): Illuminate\Foundation\Http\Kernel->sendRequestThroughRouter(Object(Illuminate\Http\Request))
#77 /Users/joshuajones/Desktop/sideproject/index.php(167): Illuminate\Foundation\Http\Kernel->handle(Object(Illuminate\Http\Request))
#78 /Users/joshuajones/.composer/vendor/laravel/valet/server.php(191): require('/Users/joshuajo...')
#79 {main}  
[2020-04-08 22:29:05] dev.ERROR: ErrorException: Invalid argument supplied for foreach() in /Users/joshuajones/Desktop/sideproject/statamic/bundles/Replicator/ReplicatorFieldtype.php:37
Stack trace:
#0 /Users/joshuajones/Desktop/sideproject/statamic/bundles/Replicator/ReplicatorFieldtype.php(37): Illuminate\Foundation\Bootstrap\HandleExceptions->handleError(2, 'Invalid argumen...', '/Users/joshuajo...', 37, Array)
#1 /Users/joshuajones/Desktop/sideproject/statamic/bundles/Replicator/ReplicatorFieldtype.php(23): Statamic\Addons\Replicator\ReplicatorFieldtype->performProcess('Your billing st...')
#2 /Users/joshuajones/Desktop/sideproject/statamic/core/Data/Processor.php(35): Statamic\Addons\Replicator\ReplicatorFieldtype->preProcess('Your billing st...')
#3 [internal function]: Statamic\Data\Processor->Statamic\Data\{closure}('Your billing st...', 'large_text_head...')
#4 /Users/joshuajones/Desktop/sideproject/statamic/vendor/laravel/framework/src/Illuminate/Support/Collection.php(469): array_map(Object(Closure), Array, Array)
#5 /Users/joshuajones/Desktop/sideproject/statamic/core/Data/Processor.php(37): Illuminate\Support\Collection->map(Object(Closure))
#6 /Users/joshuajones/Desktop/sideproject/statamic/core/Data/Data.php(411): Statamic\Data\Processor->preProcess(Array)
#7 /Users/joshuajones/Desktop/sideproject/statamic/core/Http/Controllers/PublishPageController.php(77): Statamic\Data\Data->processedData()
#8 [internal function]: Statamic\Http\Controllers\PublishPageController->edit(Object(Illuminate\Http\Request))
#9 /Users/joshuajones/Desktop/sideproject/statamic/vendor/laravel/framework/src/Illuminate/Routing/Controller.php(256): call_user_func_array(Array, Array)
#10 /Users/joshuajones/Desktop/sideproject/statamic/vendor/laravel/framework/src/Illuminate/Routing/ControllerDispatcher.php(164): Illuminate\Routing\Controller->callAction('edit', Array)
#11 /Users/joshuajones/Desktop/sideproject/statamic/vendor/laravel/framework/src/Illuminate/Routing/ControllerDispatcher.php(112): Illuminate\Routing\ControllerDispatcher->call(Object(Statamic\Http\Controllers\PublishPageController), Object(Illuminate\Routing\Route), 'edit')
#12 [internal function]: Illuminate\Routing\ControllerDispatcher->Illuminate\Routing\{closure}(Object(Illuminate\Http\Request))
#13 /Users/joshuajones/Desktop/sideproject/statamic/vendor/laravel/framework/src/Illuminate/Pipeline/Pipeline.php(139): call_user_func(Object(Closure), Object(Illuminate\Http\Request))
#14 [internal function]: Illuminate\Pipeline\Pipeline->Illuminate\Pipeline\{closure}(Object(Illuminate\Http\Request))
#15 /Users/joshuajones/Desktop/sideproject/statamic/vendor/laravel/framework/src/Illuminate/Pipeline/Pipeline.php(102): call_user_func(Object(Closure), Object(Illuminate\Http\Request))
#16 /Users/joshuajones/Desktop/sideproject/statamic/vendor/laravel/framework/src/Illuminate/Routing/ControllerDispatcher.php(114): Illuminate\Pipeline\Pipeline->then(Object(Closure))
#17 /Users/joshuajones/Desktop/sideproject/statamic/vendor/laravel/framework/src/Illuminate/Routing/ControllerDispatcher.php(68): Illuminate\Routing\ControllerDispatcher->callWithinStack(Object(Statamic\Http\Controllers\PublishPageController), Object(Illuminate\Routing\Route), Object(Illuminate\Http\Request), 'edit')
#18 /Users/joshuajones/Desktop/sideproject/statamic/vendor/laravel/framework/src/Illuminate/Routing/Route.php(203): Illuminate\Routing\ControllerDispatcher->dispatch(Object(Illuminate\Routing\Route), Object(Illuminate\Http\Request), 'Statamic\\Http\\C...', 'edit')
#19 /Users/joshuajones/Desktop/sideproject/statamic/vendor/laravel/framework/src/Illuminate/Routing/Route.php(134): Illuminate\Routing\Route->runWithCustomDispatcher(Object(Illuminate\Http\Request))
#20 /Users/joshuajones/Desktop/sideproject/statamic/vendor/laravel/framework/src/Illuminate/Routing/Router.php(708): Illuminate\Routing\Route->run(Object(Illuminate\Http\Request))
#21 [internal function]: Illuminate\Routing\Router->Illuminate\Routing\{closure}(Object(Illuminate\Http\Request))
#22 /Users/joshuajones/Desktop/sideproject/statamic/vendor/laravel/framework/src/Illuminate/Pipeline/Pipeline.php(139): call_user_func(Object(Closure), Object(Illuminate\Http\Request))
#23 /Users/joshuajones/Desktop/sideproject/statamic/core/Http/Middleware/CP/Authenticate.php(62): Illuminate\Pipeline\Pipeline->Illuminate\Pipeline\{closure}(Object(Illuminate\Http\Request))
#24 [internal function]: Statamic\Http\Middleware\CP\Authenticate->handle(Object(Illuminate\Http\Request), Object(Closure))
#25 /Users/joshuajones/Desktop/sideproject/statamic/vendor/laravel/framework/src/Illuminate/Pipeline/Pipeline.php(124): call_user_func_array(Array, Array)
#26 /Users/joshuajones/Desktop/sideproject/statamic/core/Http/Middleware/Outpost.php(48): Illuminate\Pipeline\Pipeline->Illuminate\Pipeline\{closure}(Object(Illuminate\Http\Request))
#27 [internal function]: Statamic\Http\Middleware\Outpost->handle(Object(Illuminate\Http\Request), Object(Closure))
#28 /Users/joshuajones/Desktop/sideproject/statamic/vendor/laravel/framework/src/Illuminate/Pipeline/Pipeline.php(124): call_user_func_array(Array, Array)
#29 /Users/joshuajones/Desktop/sideproject/statamic/core/Http/Middleware/CP/Localize.php(25): Illuminate\Pipeline\Pipeline->Illuminate\Pipeline\{closure}(Object(Illuminate\Http\Request))
#30 [internal function]: Statamic\Http\Middleware\CP\Localize->handle(Object(Illuminate\Http\Request), Object(Closure))
#31 /Users/joshuajones/Desktop/sideproject/statamic/vendor/laravel/framework/src/Illuminate/Pipeline/Pipeline.php(124): call_user_func_array(Array, Array)
#32 /Users/joshuajones/Desktop/sideproject/statamic/core/Http/Middleware/CP/DefaultLocale.php(28): Illuminate\Pipeline\Pipeline->Illuminate\Pipeline\{closure}(Object(Illuminate\Http\Request))
#33 [internal function]: Statamic\Http\Middleware\CP\DefaultLocale->handle(Object(Illuminate\Http\Request), Object(Closure))
#34 /Users/joshuajones/Desktop/sideproject/statamic/vendor/laravel/framework/src/Illuminate/Pipeline/Pipeline.php(124): call_user_func_array(Array, Array)
#35 /Users/joshuajones/Desktop/sideproject/statamic/core/Http/Middleware/CP/AddHeaders.php(19): Illuminate\Pipeline\Pipeline->Illuminate\Pipeline\{closure}(Object(Illuminate\Http\Request))
#36 [internal function]: Statamic\Http\Middleware\CP\AddHeaders->handle(Object(Illuminate\Http\Request), Object(Closure))
#37 /Users/joshuajones/Desktop/sideproject/statamic/vendor/laravel/framework/src/Illuminate/Pipeline/Pipeline.php(124): call_user_func_array(Array, Array)
#38 /Users/joshuajones/Desktop/sideproject/statamic/core/Http/Middleware/CpEnabled.php(23): Illuminate\Pipeline\Pipeline->Illuminate\Pipeline\{closure}(Object(Illuminate\Http\Request))
#39 [internal function]: Statamic\Http\Middleware\CpEnabled->handle(Object(Illuminate\Http\Request), Object(Closure))
#40 /Users/joshuajones/Desktop/sideproject/statamic/vendor/laravel/framework/src/Illuminate/Pipeline/Pipeline.php(124): call_user_func_array(Array, Array)
#41 [internal function]: Illuminate\Pipeline\Pipeline->Illuminate\Pipeline\{closure}(Object(Illuminate\Http\Request))
#42 /Users/joshuajones/Desktop/sideproject/statamic/vendor/laravel/framework/src/Illuminate/Pipeline/Pipeline.php(102): call_user_func(Object(Closure), Object(Illuminate\Http\Request))
#43 /Users/joshuajones/Desktop/sideproject/statamic/vendor/laravel/framework/src/Illuminate/Routing/Router.php(710): Illuminate\Pipeline\Pipeline->then(Object(Closure))
#44 /Users/joshuajones/Desktop/sideproject/statamic/vendor/laravel/framework/src/Illuminate/Routing/Router.php(674): Illuminate\Routing\Router->runRouteWithinStack(Object(Illuminate\Routing\Route), Object(Illuminate\Http\Request))
#45 /Users/joshuajones/Desktop/sideproject/statamic/vendor/laravel/framework/src/Illuminate/Routing/Router.php(635): Illuminate\Routing\Router->dispatchToRoute(Object(Illuminate\Http\Request))
#46 /Users/joshuajones/Desktop/sideproject/statamic/vendor/laravel/framework/src/Illuminate/Foundation/Http/Kernel.php(236): Illuminate\Routing\Router->dispatch(Object(Illuminate\Http\Request))
#47 [internal function]: Illuminate\Foundation\Http\Kernel->Illuminate\Foundation\Http\{closure}(Object(Illuminate\Http\Request))
#48 /Users/joshuajones/Desktop/sideproject/statamic/vendor/laravel/framework/src/Illuminate/Pipeline/Pipeline.php(139): call_user_func(Object(Closure), Object(Illuminate\Http\Request))
#49 /Users/joshuajones/Desktop/sideproject/statamic/core/Http/Middleware/TransformsRequest.php(31): Illuminate\Pipeline\Pipeline->Illuminate\Pipeline\{closure}(Object(Illuminate\Http\Request))
#50 [internal function]: Statamic\Http\Middleware\TransformsRequest->handle(Object(Illuminate\Http\Request), Object(Closure))
#51 /Users/joshuajones/Desktop/sideproject/statamic/vendor/laravel/framework/src/Illuminate/Pipeline/Pipeline.php(124): call_user_func_array(Array, Array)
#52 /Users/joshuajones/Desktop/sideproject/statamic/vendor/laravel/framework/src/Illuminate/Foundation/Http/Middleware/VerifyCsrfToken.php(50): Illuminate\Pipeline\Pipeline->Illuminate\Pipeline\{closure}(Object(Illuminate\Http\Request))
#53 [internal function]: Illuminate\Foundation\Http\Middleware\VerifyCsrfToken->handle(Object(Illuminate\Http\Request), Object(Closure))
#54 /Users/joshuajones/Desktop/sideproject/statamic/vendor/laravel/framework/src/Illuminate/Pipeline/Pipeline.php(124): call_user_func_array(Array, Array)
#55 /Users/joshuajones/Desktop/sideproject/statamic/vendor/laravel/framework/src/Illuminate/View/Middleware/ShareErrorsFromSession.php(49): Illuminate\Pipeline\Pipeline->Illuminate\Pipeline\{closure}(Object(Illuminate\Http\Request))
#56 [internal function]: Illuminate\View\Middleware\ShareErrorsFromSession->handle(Object(Illuminate\Http\Request), Object(Closure))
#57 /Users/joshuajones/Desktop/sideproject/statamic/vendor/laravel/framework/src/Illuminate/Pipeline/Pipeline.php(124): call_user_func_array(Array, Array)
#58 /Users/joshuajones/Desktop/sideproject/statamic/vendor/laravel/framework/src/Illuminate/Session/Middleware/StartSession.php(62): Illuminate\Pipeline\Pipeline->Illuminate\Pipeline\{closure}(Object(Illuminate\Http\Request))
#59 [internal function]: Illuminate\Session\Middleware\StartSession->handle(Object(Illuminate\Http\Request), Object(Closure))
#60 /Users/joshuajones/Desktop/sideproject/statamic/vendor/laravel/framework/src/Illuminate/Pipeline/Pipeline.php(124): call_user_func_array(Array, Array)
#61 /Users/joshuajones/Desktop/sideproject/statamic/vendor/laravel/framework/src/Illuminate/Cookie/Middleware/AddQueuedCookiesToResponse.php(37): Illuminate\Pipeline\Pipeline->Illuminate\Pipeline\{closure}(Object(Illuminate\Http\Request))
#62 [internal function]: Illuminate\Cookie\Middleware\AddQueuedCookiesToResponse->handle(Object(Illuminate\Http\Request), Object(Closure))
#63 /Users/joshuajones/Desktop/sideproject/statamic/vendor/laravel/framework/src/Illuminate/Pipeline/Pipeline.php(124): call_user_func_array(Array, Array)
#64 /Users/joshuajones/Desktop/sideproject/statamic/vendor/laravel/framework/src/Illuminate/Cookie/Middleware/EncryptCookies.php(59): Illuminate\Pipeline\Pipeline->Illuminate\Pipeline\{closure}(Object(Illuminate\Http\Request))
#65 [internal function]: Illuminate\Cookie\Middleware\EncryptCookies->handle(Object(Illuminate\Http\Request), Object(Closure))
#66 /Users/joshuajones/Desktop/sideproject/statamic/vendor/laravel/framework/src/Illuminate/Pipeline/Pipeline.php(124): call_user_func_array(Array, Array)
#67 /Users/joshuajones/Desktop/sideproject/statamic/core/StaticCaching/Middleware/Retrieve.php(33): Illuminate\Pipeline\Pipeline->Illuminate\Pipeline\{closure}(Object(Illuminate\Http\Request))
#68 [internal function]: Statamic\StaticCaching\Middleware\Retrieve->handle(Object(Illuminate\Http\Request), Object(Closure))
#69 /Users/joshuajones/Desktop/sideproject/statamic/vendor/laravel/framework/src/Illuminate/Pipeline/Pipeline.php(124): call_user_func_array(Array, Array)
#70 /Users/joshuajones/Desktop/sideproject/statamic/vendor/laravel/framework/src/Illuminate/Foundation/Http/Middleware/CheckForMaintenanceMode.php(44): Illuminate\Pipeline\Pipeline->Illuminate\Pipeline\{closure}(Object(Illuminate\Http\Request))
#71 [internal function]: Illuminate\Foundation\Http\Middleware\CheckForMaintenanceMode->handle(Object(Illuminate\Http\Request), Object(Closure))
#72 /Users/joshuajones/Desktop/sideproject/statamic/vendor/laravel/framework/src/Illuminate/Pipeline/Pipeline.php(124): call_user_func_array(Array, Array)
#73 [internal function]: Illuminate\Pipeline\Pipeline->Illuminate\Pipeline\{closure}(Object(Illuminate\Http\Request))
#74 /Users/joshuajones/Desktop/sideproject/statamic/vendor/laravel/framework/src/Illuminate/Pipeline/Pipeline.php(102): call_user_func(Object(Closure), Object(Illuminate\Http\Request))
#75 /Users/joshuajones/Desktop/sideproject/statamic/vendor/laravel/framework/src/Illuminate/Foundation/Http/Kernel.php(122): Illuminate\Pipeline\Pipeline->then(Object(Closure))
#76 /Users/joshuajones/Desktop/sideproject/statamic/vendor/laravel/framework/src/Illuminate/Foundation/Http/Kernel.php(87): Illuminate\Foundation\Http\Kernel->sendRequestThroughRouter(Object(Illuminate\Http\Request))
#77 /Users/joshuajones/Desktop/sideproject/index.php(167): Illuminate\Foundation\Http\Kernel->handle(Object(Illuminate\Http\Request))
#78 /Users/joshuajones/.composer/vendor/laravel/valet/server.php(191): require('/Users/joshuajo...')
#79 {main}  
[2020-04-08 22:29:18] dev.ERROR: ErrorException: Invalid argument supplied for foreach() in /Users/joshuajones/Desktop/sideproject/statamic/bundles/Replicator/ReplicatorFieldtype.php:37
Stack trace:
#0 /Users/joshuajones/Desktop/sideproject/statamic/bundles/Replicator/ReplicatorFieldtype.php(37): Illuminate\Foundation\Bootstrap\HandleExceptions->handleError(2, 'Invalid argumen...', '/Users/joshuajo...', 37, Array)
#1 /Users/joshuajones/Desktop/sideproject/statamic/bundles/Replicator/ReplicatorFieldtype.php(23): Statamic\Addons\Replicator\ReplicatorFieldtype->performProcess('Your billing st...')
#2 /Users/joshuajones/Desktop/sideproject/statamic/core/Data/Processor.php(35): Statamic\Addons\Replicator\ReplicatorFieldtype->preProcess('Your billing st...')
#3 [internal function]: Statamic\Data\Processor->Statamic\Data\{closure}('Your billing st...', 'large_text_head...')
#4 /Users/joshuajones/Desktop/sideproject/statamic/vendor/laravel/framework/src/Illuminate/Support/Collection.php(469): array_map(Object(Closure), Array, Array)
#5 /Users/joshuajones/Desktop/sideproject/statamic/core/Data/Processor.php(37): Illuminate\Support\Collection->map(Object(Closure))
#6 /Users/joshuajones/Desktop/sideproject/statamic/core/Data/Data.php(411): Statamic\Data\Processor->preProcess(Array)
#7 /Users/joshuajones/Desktop/sideproject/statamic/core/Http/Controllers/PublishPageController.php(77): Statamic\Data\Data->processedData()
#8 [internal function]: Statamic\Http\Controllers\PublishPageController->edit(Object(Illuminate\Http\Request))
#9 /Users/joshuajones/Desktop/sideproject/statamic/vendor/laravel/framework/src/Illuminate/Routing/Controller.php(256): call_user_func_array(Array, Array)
#10 /Users/joshuajones/Desktop/sideproject/statamic/vendor/laravel/framework/src/Illuminate/Routing/ControllerDispatcher.php(164): Illuminate\Routing\Controller->callAction('edit', Array)
#11 /Users/joshuajones/Desktop/sideproject/statamic/vendor/laravel/framework/src/Illuminate/Routing/ControllerDispatcher.php(112): Illuminate\Routing\ControllerDispatcher->call(Object(Statamic\Http\Controllers\PublishPageController), Object(Illuminate\Routing\Route), 'edit')
#12 [internal function]: Illuminate\Routing\ControllerDispatcher->Illuminate\Routing\{closure}(Object(Illuminate\Http\Request))
#13 /Users/joshuajones/Desktop/sideproject/statamic/vendor/laravel/framework/src/Illuminate/Pipeline/Pipeline.php(139): call_user_func(Object(Closure), Object(Illuminate\Http\Request))
#14 [internal function]: Illuminate\Pipeline\Pipeline->Illuminate\Pipeline\{closure}(Object(Illuminate\Http\Request))
#15 /Users/joshuajones/Desktop/sideproject/statamic/vendor/laravel/framework/src/Illuminate/Pipeline/Pipeline.php(102): call_user_func(Object(Closure), Object(Illuminate\Http\Request))
#16 /Users/joshuajones/Desktop/sideproject/statamic/vendor/laravel/framework/src/Illuminate/Routing/ControllerDispatcher.php(114): Illuminate\Pipeline\Pipeline->then(Object(Closure))
#17 /Users/joshuajones/Desktop/sideproject/statamic/vendor/laravel/framework/src/Illuminate/Routing/ControllerDispatcher.php(68): Illuminate\Routing\ControllerDispatcher->callWithinStack(Object(Statamic\Http\Controllers\PublishPageController), Object(Illuminate\Routing\Route), Object(Illuminate\Http\Request), 'edit')
#18 /Users/joshuajones/Desktop/sideproject/statamic/vendor/laravel/framework/src/Illuminate/Routing/Route.php(203): Illuminate\Routing\ControllerDispatcher->dispatch(Object(Illuminate\Routing\Route), Object(Illuminate\Http\Request), 'Statamic\\Http\\C...', 'edit')
#19 /Users/joshuajones/Desktop/sideproject/statamic/vendor/laravel/framework/src/Illuminate/Routing/Route.php(134): Illuminate\Routing\Route->runWithCustomDispatcher(Object(Illuminate\Http\Request))
#20 /Users/joshuajones/Desktop/sideproject/statamic/vendor/laravel/framework/src/Illuminate/Routing/Router.php(708): Illuminate\Routing\Route->run(Object(Illuminate\Http\Request))
#21 [internal function]: Illuminate\Routing\Router->Illuminate\Routing\{closure}(Object(Illuminate\Http\Request))
#22 /Users/joshuajones/Desktop/sideproject/statamic/vendor/laravel/framework/src/Illuminate/Pipeline/Pipeline.php(139): call_user_func(Object(Closure), Object(Illuminate\Http\Request))
#23 /Users/joshuajones/Desktop/sideproject/statamic/core/Http/Middleware/CP/Authenticate.php(62): Illuminate\Pipeline\Pipeline->Illuminate\Pipeline\{closure}(Object(Illuminate\Http\Request))
#24 [internal function]: Statamic\Http\Middleware\CP\Authenticate->handle(Object(Illuminate\Http\Request), Object(Closure))
#25 /Users/joshuajones/Desktop/sideproject/statamic/vendor/laravel/framework/src/Illuminate/Pipeline/Pipeline.php(124): call_user_func_array(Array, Array)
#26 /Users/joshuajones/Desktop/sideproject/statamic/core/Http/Middleware/Outpost.php(48): Illuminate\Pipeline\Pipeline->Illuminate\Pipeline\{closure}(Object(Illuminate\Http\Request))
#27 [internal function]: Statamic\Http\Middleware\Outpost->handle(Object(Illuminate\Http\Request), Object(Closure))
#28 /Users/joshuajones/Desktop/sideproject/statamic/vendor/laravel/framework/src/Illuminate/Pipeline/Pipeline.php(124): call_user_func_array(Array, Array)
#29 /Users/joshuajones/Desktop/sideproject/statamic/core/Http/Middleware/CP/Localize.php(25): Illuminate\Pipeline\Pipeline->Illuminate\Pipeline\{closure}(Object(Illuminate\Http\Request))
#30 [internal function]: Statamic\Http\Middleware\CP\Localize->handle(Object(Illuminate\Http\Request), Object(Closure))
#31 /Users/joshuajones/Desktop/sideproject/statamic/vendor/laravel/framework/src/Illuminate/Pipeline/Pipeline.php(124): call_user_func_array(Array, Array)
#32 /Users/joshuajones/Desktop/sideproject/statamic/core/Http/Middleware/CP/DefaultLocale.php(28): Illuminate\Pipeline\Pipeline->Illuminate\Pipeline\{closure}(Object(Illuminate\Http\Request))
#33 [internal function]: Statamic\Http\Middleware\CP\DefaultLocale->handle(Object(Illuminate\Http\Request), Object(Closure))
#34 /Users/joshuajones/Desktop/sideproject/statamic/vendor/laravel/framework/src/Illuminate/Pipeline/Pipeline.php(124): call_user_func_array(Array, Array)
#35 /Users/joshuajones/Desktop/sideproject/statamic/core/Http/Middleware/CP/AddHeaders.php(19): Illuminate\Pipeline\Pipeline->Illuminate\Pipeline\{closure}(Object(Illuminate\Http\Request))
#36 [internal function]: Statamic\Http\Middleware\CP\AddHeaders->handle(Object(Illuminate\Http\Request), Object(Closure))
#37 /Users/joshuajones/Desktop/sideproject/statamic/vendor/laravel/framework/src/Illuminate/Pipeline/Pipeline.php(124): call_user_func_array(Array, Array)
#38 /Users/joshuajones/Desktop/sideproject/statamic/core/Http/Middleware/CpEnabled.php(23): Illuminate\Pipeline\Pipeline->Illuminate\Pipeline\{closure}(Object(Illuminate\Http\Request))
#39 [internal function]: Statamic\Http\Middleware\CpEnabled->handle(Object(Illuminate\Http\Request), Object(Closure))
#40 /Users/joshuajones/Desktop/sideproject/statamic/vendor/laravel/framework/src/Illuminate/Pipeline/Pipeline.php(124): call_user_func_array(Array, Array)
#41 [internal function]: Illuminate\Pipeline\Pipeline->Illuminate\Pipeline\{closure}(Object(Illuminate\Http\Request))
#42 /Users/joshuajones/Desktop/sideproject/statamic/vendor/laravel/framework/src/Illuminate/Pipeline/Pipeline.php(102): call_user_func(Object(Closure), Object(Illuminate\Http\Request))
#43 /Users/joshuajones/Desktop/sideproject/statamic/vendor/laravel/framework/src/Illuminate/Routing/Router.php(710): Illuminate\Pipeline\Pipeline->then(Object(Closure))
#44 /Users/joshuajones/Desktop/sideproject/statamic/vendor/laravel/framework/src/Illuminate/Routing/Router.php(674): Illuminate\Routing\Router->runRouteWithinStack(Object(Illuminate\Routing\Route), Object(Illuminate\Http\Request))
#45 /Users/joshuajones/Desktop/sideproject/statamic/vendor/laravel/framework/src/Illuminate/Routing/Router.php(635): Illuminate\Routing\Router->dispatchToRoute(Object(Illuminate\Http\Request))
#46 /Users/joshuajones/Desktop/sideproject/statamic/vendor/laravel/framework/src/Illuminate/Foundation/Http/Kernel.php(236): Illuminate\Routing\Router->dispatch(Object(Illuminate\Http\Request))
#47 [internal function]: Illuminate\Foundation\Http\Kernel->Illuminate\Foundation\Http\{closure}(Object(Illuminate\Http\Request))
#48 /Users/joshuajones/Desktop/sideproject/statamic/vendor/laravel/framework/src/Illuminate/Pipeline/Pipeline.php(139): call_user_func(Object(Closure), Object(Illuminate\Http\Request))
#49 /Users/joshuajones/Desktop/sideproject/statamic/core/Http/Middleware/TransformsRequest.php(31): Illuminate\Pipeline\Pipeline->Illuminate\Pipeline\{closure}(Object(Illuminate\Http\Request))
#50 [internal function]: Statamic\Http\Middleware\TransformsRequest->handle(Object(Illuminate\Http\Request), Object(Closure))
#51 /Users/joshuajones/Desktop/sideproject/statamic/vendor/laravel/framework/src/Illuminate/Pipeline/Pipeline.php(124): call_user_func_array(Array, Array)
#52 /Users/joshuajones/Desktop/sideproject/statamic/vendor/laravel/framework/src/Illuminate/Foundation/Http/Middleware/VerifyCsrfToken.php(50): Illuminate\Pipeline\Pipeline->Illuminate\Pipeline\{closure}(Object(Illuminate\Http\Request))
#53 [internal function]: Illuminate\Foundation\Http\Middleware\VerifyCsrfToken->handle(Object(Illuminate\Http\Request), Object(Closure))
#54 /Users/joshuajones/Desktop/sideproject/statamic/vendor/laravel/framework/src/Illuminate/Pipeline/Pipeline.php(124): call_user_func_array(Array, Array)
#55 /Users/joshuajones/Desktop/sideproject/statamic/vendor/laravel/framework/src/Illuminate/View/Middleware/ShareErrorsFromSession.php(49): Illuminate\Pipeline\Pipeline->Illuminate\Pipeline\{closure}(Object(Illuminate\Http\Request))
#56 [internal function]: Illuminate\View\Middleware\ShareErrorsFromSession->handle(Object(Illuminate\Http\Request), Object(Closure))
#57 /Users/joshuajones/Desktop/sideproject/statamic/vendor/laravel/framework/src/Illuminate/Pipeline/Pipeline.php(124): call_user_func_array(Array, Array)
#58 /Users/joshuajones/Desktop/sideproject/statamic/vendor/laravel/framework/src/Illuminate/Session/Middleware/StartSession.php(62): Illuminate\Pipeline\Pipeline->Illuminate\Pipeline\{closure}(Object(Illuminate\Http\Request))
#59 [internal function]: Illuminate\Session\Middleware\StartSession->handle(Object(Illuminate\Http\Request), Object(Closure))
#60 /Users/joshuajones/Desktop/sideproject/statamic/vendor/laravel/framework/src/Illuminate/Pipeline/Pipeline.php(124): call_user_func_array(Array, Array)
#61 /Users/joshuajones/Desktop/sideproject/statamic/vendor/laravel/framework/src/Illuminate/Cookie/Middleware/AddQueuedCookiesToResponse.php(37): Illuminate\Pipeline\Pipeline->Illuminate\Pipeline\{closure}(Object(Illuminate\Http\Request))
#62 [internal function]: Illuminate\Cookie\Middleware\AddQueuedCookiesToResponse->handle(Object(Illuminate\Http\Request), Object(Closure))
#63 /Users/joshuajones/Desktop/sideproject/statamic/vendor/laravel/framework/src/Illuminate/Pipeline/Pipeline.php(124): call_user_func_array(Array, Array)
#64 /Users/joshuajones/Desktop/sideproject/statamic/vendor/laravel/framework/src/Illuminate/Cookie/Middleware/EncryptCookies.php(59): Illuminate\Pipeline\Pipeline->Illuminate\Pipeline\{closure}(Object(Illuminate\Http\Request))
#65 [internal function]: Illuminate\Cookie\Middleware\EncryptCookies->handle(Object(Illuminate\Http\Request), Object(Closure))
#66 /Users/joshuajones/Desktop/sideproject/statamic/vendor/laravel/framework/src/Illuminate/Pipeline/Pipeline.php(124): call_user_func_array(Array, Array)
#67 /Users/joshuajones/Desktop/sideproject/statamic/core/StaticCaching/Middleware/Retrieve.php(33): Illuminate\Pipeline\Pipeline->Illuminate\Pipeline\{closure}(Object(Illuminate\Http\Request))
#68 [internal function]: Statamic\StaticCaching\Middleware\Retrieve->handle(Object(Illuminate\Http\Request), Object(Closure))
#69 /Users/joshuajones/Desktop/sideproject/statamic/vendor/laravel/framework/src/Illuminate/Pipeline/Pipeline.php(124): call_user_func_array(Array, Array)
#70 /Users/joshuajones/Desktop/sideproject/statamic/vendor/laravel/framework/src/Illuminate/Foundation/Http/Middleware/CheckForMaintenanceMode.php(44): Illuminate\Pipeline\Pipeline->Illuminate\Pipeline\{closure}(Object(Illuminate\Http\Request))
#71 [internal function]: Illuminate\Foundation\Http\Middleware\CheckForMaintenanceMode->handle(Object(Illuminate\Http\Request), Object(Closure))
#72 /Users/joshuajones/Desktop/sideproject/statamic/vendor/laravel/framework/src/Illuminate/Pipeline/Pipeline.php(124): call_user_func_array(Array, Array)
#73 [internal function]: Illuminate\Pipeline\Pipeline->Illuminate\Pipeline\{closure}(Object(Illuminate\Http\Request))
#74 /Users/joshuajones/Desktop/sideproject/statamic/vendor/laravel/framework/src/Illuminate/Pipeline/Pipeline.php(102): call_user_func(Object(Closure), Object(Illuminate\Http\Request))
#75 /Users/joshuajones/Desktop/sideproject/statamic/vendor/laravel/framework/src/Illuminate/Foundation/Http/Kernel.php(122): Illuminate\Pipeline\Pipeline->then(Object(Closure))
#76 /Users/joshuajones/Desktop/sideproject/statamic/vendor/laravel/framework/src/Illuminate/Foundation/Http/Kernel.php(87): Illuminate\Foundation\Http\Kernel->sendRequestThroughRouter(Object(Illuminate\Http\Request))
#77 /Users/joshuajones/Desktop/sideproject/index.php(167): Illuminate\Foundation\Http\Kernel->handle(Object(Illuminate\Http\Request))
#78 /Users/joshuajones/.composer/vendor/laravel/valet/server.php(191): require('/Users/joshuajo...')
#79 {main}  
[2020-04-08 22:29:18] dev.ERROR: ErrorException: Invalid argument supplied for foreach() in /Users/joshuajones/Desktop/sideproject/statamic/bundles/Replicator/ReplicatorFieldtype.php:37
Stack trace:
#0 /Users/joshuajones/Desktop/sideproject/statamic/bundles/Replicator/ReplicatorFieldtype.php(37): Illuminate\Foundation\Bootstrap\HandleExceptions->handleError(2, 'Invalid argumen...', '/Users/joshuajo...', 37, Array)
#1 /Users/joshuajones/Desktop/sideproject/statamic/bundles/Replicator/ReplicatorFieldtype.php(23): Statamic\Addons\Replicator\ReplicatorFieldtype->performProcess('Your billing st...')
#2 /Users/joshuajones/Desktop/sideproject/statamic/core/Data/Processor.php(35): Statamic\Addons\Replicator\ReplicatorFieldtype->preProcess('Your billing st...')
#3 [internal function]: Statamic\Data\Processor->Statamic\Data\{closure}('Your billing st...', 'large_text_head...')
#4 /Users/joshuajones/Desktop/sideproject/statamic/vendor/laravel/framework/src/Illuminate/Support/Collection.php(469): array_map(Object(Closure), Array, Array)
#5 /Users/joshuajones/Desktop/sideproject/statamic/core/Data/Processor.php(37): Illuminate\Support\Collection->map(Object(Closure))
#6 /Users/joshuajones/Desktop/sideproject/statamic/core/Data/Data.php(411): Statamic\Data\Processor->preProcess(Array)
#7 /Users/joshuajones/Desktop/sideproject/statamic/core/Http/Controllers/PublishPageController.php(77): Statamic\Data\Data->processedData()
#8 [internal function]: Statamic\Http\Controllers\PublishPageController->edit(Object(Illuminate\Http\Request))
#9 /Users/joshuajones/Desktop/sideproject/statamic/vendor/laravel/framework/src/Illuminate/Routing/Controller.php(256): call_user_func_array(Array, Array)
#10 /Users/joshuajones/Desktop/sideproject/statamic/vendor/laravel/framework/src/Illuminate/Routing/ControllerDispatcher.php(164): Illuminate\Routing\Controller->callAction('edit', Array)
#11 /Users/joshuajones/Desktop/sideproject/statamic/vendor/laravel/framework/src/Illuminate/Routing/ControllerDispatcher.php(112): Illuminate\Routing\ControllerDispatcher->call(Object(Statamic\Http\Controllers\PublishPageController), Object(Illuminate\Routing\Route), 'edit')
#12 [internal function]: Illuminate\Routing\ControllerDispatcher->Illuminate\Routing\{closure}(Object(Illuminate\Http\Request))
#13 /Users/joshuajones/Desktop/sideproject/statamic/vendor/laravel/framework/src/Illuminate/Pipeline/Pipeline.php(139): call_user_func(Object(Closure), Object(Illuminate\Http\Request))
#14 [internal function]: Illuminate\Pipeline\Pipeline->Illuminate\Pipeline\{closure}(Object(Illuminate\Http\Request))
#15 /Users/joshuajones/Desktop/sideproject/statamic/vendor/laravel/framework/src/Illuminate/Pipeline/Pipeline.php(102): call_user_func(Object(Closure), Object(Illuminate\Http\Request))
#16 /Users/joshuajones/Desktop/sideproject/statamic/vendor/laravel/framework/src/Illuminate/Routing/ControllerDispatcher.php(114): Illuminate\Pipeline\Pipeline->then(Object(Closure))
#17 /Users/joshuajones/Desktop/sideproject/statamic/vendor/laravel/framework/src/Illuminate/Routing/ControllerDispatcher.php(68): Illuminate\Routing\ControllerDispatcher->callWithinStack(Object(Statamic\Http\Controllers\PublishPageController), Object(Illuminate\Routing\Route), Object(Illuminate\Http\Request), 'edit')
#18 /Users/joshuajones/Desktop/sideproject/statamic/vendor/laravel/framework/src/Illuminate/Routing/Route.php(203): Illuminate\Routing\ControllerDispatcher->dispatch(Object(Illuminate\Routing\Route), Object(Illuminate\Http\Request), 'Statamic\\Http\\C...', 'edit')
#19 /Users/joshuajones/Desktop/sideproject/statamic/vendor/laravel/framework/src/Illuminate/Routing/Route.php(134): Illuminate\Routing\Route->runWithCustomDispatcher(Object(Illuminate\Http\Request))
#20 /Users/joshuajones/Desktop/sideproject/statamic/vendor/laravel/framework/src/Illuminate/Routing/Router.php(708): Illuminate\Routing\Route->run(Object(Illuminate\Http\Request))
#21 [internal function]: Illuminate\Routing\Router->Illuminate\Routing\{closure}(Object(Illuminate\Http\Request))
#22 /Users/joshuajones/Desktop/sideproject/statamic/vendor/laravel/framework/src/Illuminate/Pipeline/Pipeline.php(139): call_user_func(Object(Closure), Object(Illuminate\Http\Request))
#23 /Users/joshuajones/Desktop/sideproject/statamic/core/Http/Middleware/CP/Authenticate.php(62): Illuminate\Pipeline\Pipeline->Illuminate\Pipeline\{closure}(Object(Illuminate\Http\Request))
#24 [internal function]: Statamic\Http\Middleware\CP\Authenticate->handle(Object(Illuminate\Http\Request), Object(Closure))
#25 /Users/joshuajones/Desktop/sideproject/statamic/vendor/laravel/framework/src/Illuminate/Pipeline/Pipeline.php(124): call_user_func_array(Array, Array)
#26 /Users/joshuajones/Desktop/sideproject/statamic/core/Http/Middleware/Outpost.php(48): Illuminate\Pipeline\Pipeline->Illuminate\Pipeline\{closure}(Object(Illuminate\Http\Request))
#27 [internal function]: Statamic\Http\Middleware\Outpost->handle(Object(Illuminate\Http\Request), Object(Closure))
#28 /Users/joshuajones/Desktop/sideproject/statamic/vendor/laravel/framework/src/Illuminate/Pipeline/Pipeline.php(124): call_user_func_array(Array, Array)
#29 /Users/joshuajones/Desktop/sideproject/statamic/core/Http/Middleware/CP/Localize.php(25): Illuminate\Pipeline\Pipeline->Illuminate\Pipeline\{closure}(Object(Illuminate\Http\Request))
#30 [internal function]: Statamic\Http\Middleware\CP\Localize->handle(Object(Illuminate\Http\Request), Object(Closure))
#31 /Users/joshuajones/Desktop/sideproject/statamic/vendor/laravel/framework/src/Illuminate/Pipeline/Pipeline.php(124): call_user_func_array(Array, Array)
#32 /Users/joshuajones/Desktop/sideproject/statamic/core/Http/Middleware/CP/DefaultLocale.php(28): Illuminate\Pipeline\Pipeline->Illuminate\Pipeline\{closure}(Object(Illuminate\Http\Request))
#33 [internal function]: Statamic\Http\Middleware\CP\DefaultLocale->handle(Object(Illuminate\Http\Request), Object(Closure))
#34 /Users/joshuajones/Desktop/sideproject/statamic/vendor/laravel/framework/src/Illuminate/Pipeline/Pipeline.php(124): call_user_func_array(Array, Array)
#35 /Users/joshuajones/Desktop/sideproject/statamic/core/Http/Middleware/CP/AddHeaders.php(19): Illuminate\Pipeline\Pipeline->Illuminate\Pipeline\{closure}(Object(Illuminate\Http\Request))
#36 [internal function]: Statamic\Http\Middleware\CP\AddHeaders->handle(Object(Illuminate\Http\Request), Object(Closure))
#37 /Users/joshuajones/Desktop/sideproject/statamic/vendor/laravel/framework/src/Illuminate/Pipeline/Pipeline.php(124): call_user_func_array(Array, Array)
#38 /Users/joshuajones/Desktop/sideproject/statamic/core/Http/Middleware/CpEnabled.php(23): Illuminate\Pipeline\Pipeline->Illuminate\Pipeline\{closure}(Object(Illuminate\Http\Request))
#39 [internal function]: Statamic\Http\Middleware\CpEnabled->handle(Object(Illuminate\Http\Request), Object(Closure))
#40 /Users/joshuajones/Desktop/sideproject/statamic/vendor/laravel/framework/src/Illuminate/Pipeline/Pipeline.php(124): call_user_func_array(Array, Array)
#41 [internal function]: Illuminate\Pipeline\Pipeline->Illuminate\Pipeline\{closure}(Object(Illuminate\Http\Request))
#42 /Users/joshuajones/Desktop/sideproject/statamic/vendor/laravel/framework/src/Illuminate/Pipeline/Pipeline.php(102): call_user_func(Object(Closure), Object(Illuminate\Http\Request))
#43 /Users/joshuajones/Desktop/sideproject/statamic/vendor/laravel/framework/src/Illuminate/Routing/Router.php(710): Illuminate\Pipeline\Pipeline->then(Object(Closure))
#44 /Users/joshuajones/Desktop/sideproject/statamic/vendor/laravel/framework/src/Illuminate/Routing/Router.php(674): Illuminate\Routing\Router->runRouteWithinStack(Object(Illuminate\Routing\Route), Object(Illuminate\Http\Request))
#45 /Users/joshuajones/Desktop/sideproject/statamic/vendor/laravel/framework/src/Illuminate/Routing/Router.php(635): Illuminate\Routing\Router->dispatchToRoute(Object(Illuminate\Http\Request))
#46 /Users/joshuajones/Desktop/sideproject/statamic/vendor/laravel/framework/src/Illuminate/Foundation/Http/Kernel.php(236): Illuminate\Routing\Router->dispatch(Object(Illuminate\Http\Request))
#47 [internal function]: Illuminate\Foundation\Http\Kernel->Illuminate\Foundation\Http\{closure}(Object(Illuminate\Http\Request))
#48 /Users/joshuajones/Desktop/sideproject/statamic/vendor/laravel/framework/src/Illuminate/Pipeline/Pipeline.php(139): call_user_func(Object(Closure), Object(Illuminate\Http\Request))
#49 /Users/joshuajones/Desktop/sideproject/statamic/core/Http/Middleware/TransformsRequest.php(31): Illuminate\Pipeline\Pipeline->Illuminate\Pipeline\{closure}(Object(Illuminate\Http\Request))
#50 [internal function]: Statamic\Http\Middleware\TransformsRequest->handle(Object(Illuminate\Http\Request), Object(Closure))
#51 /Users/joshuajones/Desktop/sideproject/statamic/vendor/laravel/framework/src/Illuminate/Pipeline/Pipeline.php(124): call_user_func_array(Array, Array)
#52 /Users/joshuajones/Desktop/sideproject/statamic/vendor/laravel/framework/src/Illuminate/Foundation/Http/Middleware/VerifyCsrfToken.php(50): Illuminate\Pipeline\Pipeline->Illuminate\Pipeline\{closure}(Object(Illuminate\Http\Request))
#53 [internal function]: Illuminate\Foundation\Http\Middleware\VerifyCsrfToken->handle(Object(Illuminate\Http\Request), Object(Closure))
#54 /Users/joshuajones/Desktop/sideproject/statamic/vendor/laravel/framework/src/Illuminate/Pipeline/Pipeline.php(124): call_user_func_array(Array, Array)
#55 /Users/joshuajones/Desktop/sideproject/statamic/vendor/laravel/framework/src/Illuminate/View/Middleware/ShareErrorsFromSession.php(49): Illuminate\Pipeline\Pipeline->Illuminate\Pipeline\{closure}(Object(Illuminate\Http\Request))
#56 [internal function]: Illuminate\View\Middleware\ShareErrorsFromSession->handle(Object(Illuminate\Http\Request), Object(Closure))
#57 /Users/joshuajones/Desktop/sideproject/statamic/vendor/laravel/framework/src/Illuminate/Pipeline/Pipeline.php(124): call_user_func_array(Array, Array)
#58 /Users/joshuajones/Desktop/sideproject/statamic/vendor/laravel/framework/src/Illuminate/Session/Middleware/StartSession.php(62): Illuminate\Pipeline\Pipeline->Illuminate\Pipeline\{closure}(Object(Illuminate\Http\Request))
#59 [internal function]: Illuminate\Session\Middleware\StartSession->handle(Object(Illuminate\Http\Request), Object(Closure))
#60 /Users/joshuajones/Desktop/sideproject/statamic/vendor/laravel/framework/src/Illuminate/Pipeline/Pipeline.php(124): call_user_func_array(Array, Array)
#61 /Users/joshuajones/Desktop/sideproject/statamic/vendor/laravel/framework/src/Illuminate/Cookie/Middleware/AddQueuedCookiesToResponse.php(37): Illuminate\Pipeline\Pipeline->Illuminate\Pipeline\{closure}(Object(Illuminate\Http\Request))
#62 [internal function]: Illuminate\Cookie\Middleware\AddQueuedCookiesToResponse->handle(Object(Illuminate\Http\Request), Object(Closure))
#63 /Users/joshuajones/Desktop/sideproject/statamic/vendor/laravel/framework/src/Illuminate/Pipeline/Pipeline.php(124): call_user_func_array(Array, Array)
#64 /Users/joshuajones/Desktop/sideproject/statamic/vendor/laravel/framework/src/Illuminate/Cookie/Middleware/EncryptCookies.php(59): Illuminate\Pipeline\Pipeline->Illuminate\Pipeline\{closure}(Object(Illuminate\Http\Request))
#65 [internal function]: Illuminate\Cookie\Middleware\EncryptCookies->handle(Object(Illuminate\Http\Request), Object(Closure))
#66 /Users/joshuajones/Desktop/sideproject/statamic/vendor/laravel/framework/src/Illuminate/Pipeline/Pipeline.php(124): call_user_func_array(Array, Array)
#67 /Users/joshuajones/Desktop/sideproject/statamic/core/StaticCaching/Middleware/Retrieve.php(33): Illuminate\Pipeline\Pipeline->Illuminate\Pipeline\{closure}(Object(Illuminate\Http\Request))
#68 [internal function]: Statamic\StaticCaching\Middleware\Retrieve->handle(Object(Illuminate\Http\Request), Object(Closure))
#69 /Users/joshuajones/Desktop/sideproject/statamic/vendor/laravel/framework/src/Illuminate/Pipeline/Pipeline.php(124): call_user_func_array(Array, Array)
#70 /Users/joshuajones/Desktop/sideproject/statamic/vendor/laravel/framework/src/Illuminate/Foundation/Http/Middleware/CheckForMaintenanceMode.php(44): Illuminate\Pipeline\Pipeline->Illuminate\Pipeline\{closure}(Object(Illuminate\Http\Request))
#71 [internal function]: Illuminate\Foundation\Http\Middleware\CheckForMaintenanceMode->handle(Object(Illuminate\Http\Request), Object(Closure))
#72 /Users/joshuajones/Desktop/sideproject/statamic/vendor/laravel/framework/src/Illuminate/Pipeline/Pipeline.php(124): call_user_func_array(Array, Array)
#73 [internal function]: Illuminate\Pipeline\Pipeline->Illuminate\Pipeline\{closure}(Object(Illuminate\Http\Request))
#74 /Users/joshuajones/Desktop/sideproject/statamic/vendor/laravel/framework/src/Illuminate/Pipeline/Pipeline.php(102): call_user_func(Object(Closure), Object(Illuminate\Http\Request))
#75 /Users/joshuajones/Desktop/sideproject/statamic/vendor/laravel/framework/src/Illuminate/Foundation/Http/Kernel.php(122): Illuminate\Pipeline\Pipeline->then(Object(Closure))
#76 /Users/joshuajones/Desktop/sideproject/statamic/vendor/laravel/framework/src/Illuminate/Foundation/Http/Kernel.php(87): Illuminate\Foundation\Http\Kernel->sendRequestThroughRouter(Object(Illuminate\Http\Request))
#77 /Users/joshuajones/Desktop/sideproject/index.php(167): Illuminate\Foundation\Http\Kernel->handle(Object(Illuminate\Http\Request))
#78 /Users/joshuajones/.composer/vendor/laravel/valet/server.php(191): require('/Users/joshuajo...')
#79 {main}  
[2020-04-08 22:29:20] dev.ERROR: ErrorException: Invalid argument supplied for foreach() in /Users/joshuajones/Desktop/sideproject/statamic/bundles/Replicator/ReplicatorFieldtype.php:37
Stack trace:
#0 /Users/joshuajones/Desktop/sideproject/statamic/bundles/Replicator/ReplicatorFieldtype.php(37): Illuminate\Foundation\Bootstrap\HandleExceptions->handleError(2, 'Invalid argumen...', '/Users/joshuajo...', 37, Array)
#1 /Users/joshuajones/Desktop/sideproject/statamic/bundles/Replicator/ReplicatorFieldtype.php(23): Statamic\Addons\Replicator\ReplicatorFieldtype->performProcess('Your billing st...')
#2 /Users/joshuajones/Desktop/sideproject/statamic/core/Data/Processor.php(35): Statamic\Addons\Replicator\ReplicatorFieldtype->preProcess('Your billing st...')
#3 [internal function]: Statamic\Data\Processor->Statamic\Data\{closure}('Your billing st...', 'large_text_head...')
#4 /Users/joshuajones/Desktop/sideproject/statamic/vendor/laravel/framework/src/Illuminate/Support/Collection.php(469): array_map(Object(Closure), Array, Array)
#5 /Users/joshuajones/Desktop/sideproject/statamic/core/Data/Processor.php(37): Illuminate\Support\Collection->map(Object(Closure))
#6 /Users/joshuajones/Desktop/sideproject/statamic/core/Data/Data.php(411): Statamic\Data\Processor->preProcess(Array)
#7 /Users/joshuajones/Desktop/sideproject/statamic/core/Http/Controllers/PublishPageController.php(77): Statamic\Data\Data->processedData()
#8 [internal function]: Statamic\Http\Controllers\PublishPageController->edit(Object(Illuminate\Http\Request))
#9 /Users/joshuajones/Desktop/sideproject/statamic/vendor/laravel/framework/src/Illuminate/Routing/Controller.php(256): call_user_func_array(Array, Array)
#10 /Users/joshuajones/Desktop/sideproject/statamic/vendor/laravel/framework/src/Illuminate/Routing/ControllerDispatcher.php(164): Illuminate\Routing\Controller->callAction('edit', Array)
#11 /Users/joshuajones/Desktop/sideproject/statamic/vendor/laravel/framework/src/Illuminate/Routing/ControllerDispatcher.php(112): Illuminate\Routing\ControllerDispatcher->call(Object(Statamic\Http\Controllers\PublishPageController), Object(Illuminate\Routing\Route), 'edit')
#12 [internal function]: Illuminate\Routing\ControllerDispatcher->Illuminate\Routing\{closure}(Object(Illuminate\Http\Request))
#13 /Users/joshuajones/Desktop/sideproject/statamic/vendor/laravel/framework/src/Illuminate/Pipeline/Pipeline.php(139): call_user_func(Object(Closure), Object(Illuminate\Http\Request))
#14 [internal function]: Illuminate\Pipeline\Pipeline->Illuminate\Pipeline\{closure}(Object(Illuminate\Http\Request))
#15 /Users/joshuajones/Desktop/sideproject/statamic/vendor/laravel/framework/src/Illuminate/Pipeline/Pipeline.php(102): call_user_func(Object(Closure), Object(Illuminate\Http\Request))
#16 /Users/joshuajones/Desktop/sideproject/statamic/vendor/laravel/framework/src/Illuminate/Routing/ControllerDispatcher.php(114): Illuminate\Pipeline\Pipeline->then(Object(Closure))
#17 /Users/joshuajones/Desktop/sideproject/statamic/vendor/laravel/framework/src/Illuminate/Routing/ControllerDispatcher.php(68): Illuminate\Routing\ControllerDispatcher->callWithinStack(Object(Statamic\Http\Controllers\PublishPageController), Object(Illuminate\Routing\Route), Object(Illuminate\Http\Request), 'edit')
#18 /Users/joshuajones/Desktop/sideproject/statamic/vendor/laravel/framework/src/Illuminate/Routing/Route.php(203): Illuminate\Routing\ControllerDispatcher->dispatch(Object(Illuminate\Routing\Route), Object(Illuminate\Http\Request), 'Statamic\\Http\\C...', 'edit')
#19 /Users/joshuajones/Desktop/sideproject/statamic/vendor/laravel/framework/src/Illuminate/Routing/Route.php(134): Illuminate\Routing\Route->runWithCustomDispatcher(Object(Illuminate\Http\Request))
#20 /Users/joshuajones/Desktop/sideproject/statamic/vendor/laravel/framework/src/Illuminate/Routing/Router.php(708): Illuminate\Routing\Route->run(Object(Illuminate\Http\Request))
#21 [internal function]: Illuminate\Routing\Router->Illuminate\Routing\{closure}(Object(Illuminate\Http\Request))
#22 /Users/joshuajones/Desktop/sideproject/statamic/vendor/laravel/framework/src/Illuminate/Pipeline/Pipeline.php(139): call_user_func(Object(Closure), Object(Illuminate\Http\Request))
#23 /Users/joshuajones/Desktop/sideproject/statamic/core/Http/Middleware/CP/Authenticate.php(62): Illuminate\Pipeline\Pipeline->Illuminate\Pipeline\{closure}(Object(Illuminate\Http\Request))
#24 [internal function]: Statamic\Http\Middleware\CP\Authenticate->handle(Object(Illuminate\Http\Request), Object(Closure))
#25 /Users/joshuajones/Desktop/sideproject/statamic/vendor/laravel/framework/src/Illuminate/Pipeline/Pipeline.php(124): call_user_func_array(Array, Array)
#26 /Users/joshuajones/Desktop/sideproject/statamic/core/Http/Middleware/Outpost.php(48): Illuminate\Pipeline\Pipeline->Illuminate\Pipeline\{closure}(Object(Illuminate\Http\Request))
#27 [internal function]: Statamic\Http\Middleware\Outpost->handle(Object(Illuminate\Http\Request), Object(Closure))
#28 /Users/joshuajones/Desktop/sideproject/statamic/vendor/laravel/framework/src/Illuminate/Pipeline/Pipeline.php(124): call_user_func_array(Array, Array)
#29 /Users/joshuajones/Desktop/sideproject/statamic/core/Http/Middleware/CP/Localize.php(25): Illuminate\Pipeline\Pipeline->Illuminate\Pipeline\{closure}(Object(Illuminate\Http\Request))
#30 [internal function]: Statamic\Http\Middleware\CP\Localize->handle(Object(Illuminate\Http\Request), Object(Closure))
#31 /Users/joshuajones/Desktop/sideproject/statamic/vendor/laravel/framework/src/Illuminate/Pipeline/Pipeline.php(124): call_user_func_array(Array, Array)
#32 /Users/joshuajones/Desktop/sideproject/statamic/core/Http/Middleware/CP/DefaultLocale.php(28): Illuminate\Pipeline\Pipeline->Illuminate\Pipeline\{closure}(Object(Illuminate\Http\Request))
#33 [internal function]: Statamic\Http\Middleware\CP\DefaultLocale->handle(Object(Illuminate\Http\Request), Object(Closure))
#34 /Users/joshuajones/Desktop/sideproject/statamic/vendor/laravel/framework/src/Illuminate/Pipeline/Pipeline.php(124): call_user_func_array(Array, Array)
#35 /Users/joshuajones/Desktop/sideproject/statamic/core/Http/Middleware/CP/AddHeaders.php(19): Illuminate\Pipeline\Pipeline->Illuminate\Pipeline\{closure}(Object(Illuminate\Http\Request))
#36 [internal function]: Statamic\Http\Middleware\CP\AddHeaders->handle(Object(Illuminate\Http\Request), Object(Closure))
#37 /Users/joshuajones/Desktop/sideproject/statamic/vendor/laravel/framework/src/Illuminate/Pipeline/Pipeline.php(124): call_user_func_array(Array, Array)
#38 /Users/joshuajones/Desktop/sideproject/statamic/core/Http/Middleware/CpEnabled.php(23): Illuminate\Pipeline\Pipeline->Illuminate\Pipeline\{closure}(Object(Illuminate\Http\Request))
#39 [internal function]: Statamic\Http\Middleware\CpEnabled->handle(Object(Illuminate\Http\Request), Object(Closure))
#40 /Users/joshuajones/Desktop/sideproject/statamic/vendor/laravel/framework/src/Illuminate/Pipeline/Pipeline.php(124): call_user_func_array(Array, Array)
#41 [internal function]: Illuminate\Pipeline\Pipeline->Illuminate\Pipeline\{closure}(Object(Illuminate\Http\Request))
#42 /Users/joshuajones/Desktop/sideproject/statamic/vendor/laravel/framework/src/Illuminate/Pipeline/Pipeline.php(102): call_user_func(Object(Closure), Object(Illuminate\Http\Request))
#43 /Users/joshuajones/Desktop/sideproject/statamic/vendor/laravel/framework/src/Illuminate/Routing/Router.php(710): Illuminate\Pipeline\Pipeline->then(Object(Closure))
#44 /Users/joshuajones/Desktop/sideproject/statamic/vendor/laravel/framework/src/Illuminate/Routing/Router.php(674): Illuminate\Routing\Router->runRouteWithinStack(Object(Illuminate\Routing\Route), Object(Illuminate\Http\Request))
#45 /Users/joshuajones/Desktop/sideproject/statamic/vendor/laravel/framework/src/Illuminate/Routing/Router.php(635): Illuminate\Routing\Router->dispatchToRoute(Object(Illuminate\Http\Request))
#46 /Users/joshuajones/Desktop/sideproject/statamic/vendor/laravel/framework/src/Illuminate/Foundation/Http/Kernel.php(236): Illuminate\Routing\Router->dispatch(Object(Illuminate\Http\Request))
#47 [internal function]: Illuminate\Foundation\Http\Kernel->Illuminate\Foundation\Http\{closure}(Object(Illuminate\Http\Request))
#48 /Users/joshuajones/Desktop/sideproject/statamic/vendor/laravel/framework/src/Illuminate/Pipeline/Pipeline.php(139): call_user_func(Object(Closure), Object(Illuminate\Http\Request))
#49 /Users/joshuajones/Desktop/sideproject/statamic/core/Http/Middleware/TransformsRequest.php(31): Illuminate\Pipeline\Pipeline->Illuminate\Pipeline\{closure}(Object(Illuminate\Http\Request))
#50 [internal function]: Statamic\Http\Middleware\TransformsRequest->handle(Object(Illuminate\Http\Request), Object(Closure))
#51 /Users/joshuajones/Desktop/sideproject/statamic/vendor/laravel/framework/src/Illuminate/Pipeline/Pipeline.php(124): call_user_func_array(Array, Array)
#52 /Users/joshuajones/Desktop/sideproject/statamic/vendor/laravel/framework/src/Illuminate/Foundation/Http/Middleware/VerifyCsrfToken.php(50): Illuminate\Pipeline\Pipeline->Illuminate\Pipeline\{closure}(Object(Illuminate\Http\Request))
#53 [internal function]: Illuminate\Foundation\Http\Middleware\VerifyCsrfToken->handle(Object(Illuminate\Http\Request), Object(Closure))
#54 /Users/joshuajones/Desktop/sideproject/statamic/vendor/laravel/framework/src/Illuminate/Pipeline/Pipeline.php(124): call_user_func_array(Array, Array)
#55 /Users/joshuajones/Desktop/sideproject/statamic/vendor/laravel/framework/src/Illuminate/View/Middleware/ShareErrorsFromSession.php(49): Illuminate\Pipeline\Pipeline->Illuminate\Pipeline\{closure}(Object(Illuminate\Http\Request))
#56 [internal function]: Illuminate\View\Middleware\ShareErrorsFromSession->handle(Object(Illuminate\Http\Request), Object(Closure))
#57 /Users/joshuajones/Desktop/sideproject/statamic/vendor/laravel/framework/src/Illuminate/Pipeline/Pipeline.php(124): call_user_func_array(Array, Array)
#58 /Users/joshuajones/Desktop/sideproject/statamic/vendor/laravel/framework/src/Illuminate/Session/Middleware/StartSession.php(62): Illuminate\Pipeline\Pipeline->Illuminate\Pipeline\{closure}(Object(Illuminate\Http\Request))
#59 [internal function]: Illuminate\Session\Middleware\StartSession->handle(Object(Illuminate\Http\Request), Object(Closure))
#60 /Users/joshuajones/Desktop/sideproject/statamic/vendor/laravel/framework/src/Illuminate/Pipeline/Pipeline.php(124): call_user_func_array(Array, Array)
#61 /Users/joshuajones/Desktop/sideproject/statamic/vendor/laravel/framework/src/Illuminate/Cookie/Middleware/AddQueuedCookiesToResponse.php(37): Illuminate\Pipeline\Pipeline->Illuminate\Pipeline\{closure}(Object(Illuminate\Http\Request))
#62 [internal function]: Illuminate\Cookie\Middleware\AddQueuedCookiesToResponse->handle(Object(Illuminate\Http\Request), Object(Closure))
#63 /Users/joshuajones/Desktop/sideproject/statamic/vendor/laravel/framework/src/Illuminate/Pipeline/Pipeline.php(124): call_user_func_array(Array, Array)
#64 /Users/joshuajones/Desktop/sideproject/statamic/vendor/laravel/framework/src/Illuminate/Cookie/Middleware/EncryptCookies.php(59): Illuminate\Pipeline\Pipeline->Illuminate\Pipeline\{closure}(Object(Illuminate\Http\Request))
#65 [internal function]: Illuminate\Cookie\Middleware\EncryptCookies->handle(Object(Illuminate\Http\Request), Object(Closure))
#66 /Users/joshuajones/Desktop/sideproject/statamic/vendor/laravel/framework/src/Illuminate/Pipeline/Pipeline.php(124): call_user_func_array(Array, Array)
#67 /Users/joshuajones/Desktop/sideproject/statamic/core/StaticCaching/Middleware/Retrieve.php(33): Illuminate\Pipeline\Pipeline->Illuminate\Pipeline\{closure}(Object(Illuminate\Http\Request))
#68 [internal function]: Statamic\StaticCaching\Middleware\Retrieve->handle(Object(Illuminate\Http\Request), Object(Closure))
#69 /Users/joshuajones/Desktop/sideproject/statamic/vendor/laravel/framework/src/Illuminate/Pipeline/Pipeline.php(124): call_user_func_array(Array, Array)
#70 /Users/joshuajones/Desktop/sideproject/statamic/vendor/laravel/framework/src/Illuminate/Foundation/Http/Middleware/CheckForMaintenanceMode.php(44): Illuminate\Pipeline\Pipeline->Illuminate\Pipeline\{closure}(Object(Illuminate\Http\Request))
#71 [internal function]: Illuminate\Foundation\Http\Middleware\CheckForMaintenanceMode->handle(Object(Illuminate\Http\Request), Object(Closure))
#72 /Users/joshuajones/Desktop/sideproject/statamic/vendor/laravel/framework/src/Illuminate/Pipeline/Pipeline.php(124): call_user_func_array(Array, Array)
#73 [internal function]: Illuminate\Pipeline\Pipeline->Illuminate\Pipeline\{closure}(Object(Illuminate\Http\Request))
#74 /Users/joshuajones/Desktop/sideproject/statamic/vendor/laravel/framework/src/Illuminate/Pipeline/Pipeline.php(102): call_user_func(Object(Closure), Object(Illuminate\Http\Request))
#75 /Users/joshuajones/Desktop/sideproject/statamic/vendor/laravel/framework/src/Illuminate/Foundation/Http/Kernel.php(122): Illuminate\Pipeline\Pipeline->then(Object(Closure))
#76 /Users/joshuajones/Desktop/sideproject/statamic/vendor/laravel/framework/src/Illuminate/Foundation/Http/Kernel.php(87): Illuminate\Foundation\Http\Kernel->sendRequestThroughRouter(Object(Illuminate\Http\Request))
#77 /Users/joshuajones/Desktop/sideproject/index.php(167): Illuminate\Foundation\Http\Kernel->handle(Object(Illuminate\Http\Request))
#78 /Users/joshuajones/.composer/vendor/laravel/valet/server.php(191): require('/Users/joshuajo...')
#79 {main}  
[2020-04-08 22:29:23] dev.ERROR: ErrorException: Invalid argument supplied for foreach() in /Users/joshuajones/Desktop/sideproject/statamic/bundles/Replicator/ReplicatorFieldtype.php:37
Stack trace:
#0 /Users/joshuajones/Desktop/sideproject/statamic/bundles/Replicator/ReplicatorFieldtype.php(37): Illuminate\Foundation\Bootstrap\HandleExceptions->handleError(2, 'Invalid argumen...', '/Users/joshuajo...', 37, Array)
#1 /Users/joshuajones/Desktop/sideproject/statamic/bundles/Replicator/ReplicatorFieldtype.php(23): Statamic\Addons\Replicator\ReplicatorFieldtype->performProcess('Your billing st...')
#2 /Users/joshuajones/Desktop/sideproject/statamic/core/Data/Processor.php(35): Statamic\Addons\Replicator\ReplicatorFieldtype->preProcess('Your billing st...')
#3 [internal function]: Statamic\Data\Processor->Statamic\Data\{closure}('Your billing st...', 'large_text_head...')
#4 /Users/joshuajones/Desktop/sideproject/statamic/vendor/laravel/framework/src/Illuminate/Support/Collection.php(469): array_map(Object(Closure), Array, Array)
#5 /Users/joshuajones/Desktop/sideproject/statamic/core/Data/Processor.php(37): Illuminate\Support\Collection->map(Object(Closure))
#6 /Users/joshuajones/Desktop/sideproject/statamic/core/Data/Data.php(411): Statamic\Data\Processor->preProcess(Array)
#7 /Users/joshuajones/Desktop/sideproject/statamic/core/Http/Controllers/PublishPageController.php(77): Statamic\Data\Data->processedData()
#8 [internal function]: Statamic\Http\Controllers\PublishPageController->edit(Object(Illuminate\Http\Request))
#9 /Users/joshuajones/Desktop/sideproject/statamic/vendor/laravel/framework/src/Illuminate/Routing/Controller.php(256): call_user_func_array(Array, Array)
#10 /Users/joshuajones/Desktop/sideproject/statamic/vendor/laravel/framework/src/Illuminate/Routing/ControllerDispatcher.php(164): Illuminate\Routing\Controller->callAction('edit', Array)
#11 /Users/joshuajones/Desktop/sideproject/statamic/vendor/laravel/framework/src/Illuminate/Routing/ControllerDispatcher.php(112): Illuminate\Routing\ControllerDispatcher->call(Object(Statamic\Http\Controllers\PublishPageController), Object(Illuminate\Routing\Route), 'edit')
#12 [internal function]: Illuminate\Routing\ControllerDispatcher->Illuminate\Routing\{closure}(Object(Illuminate\Http\Request))
#13 /Users/joshuajones/Desktop/sideproject/statamic/vendor/laravel/framework/src/Illuminate/Pipeline/Pipeline.php(139): call_user_func(Object(Closure), Object(Illuminate\Http\Request))
#14 [internal function]: Illuminate\Pipeline\Pipeline->Illuminate\Pipeline\{closure}(Object(Illuminate\Http\Request))
#15 /Users/joshuajones/Desktop/sideproject/statamic/vendor/laravel/framework/src/Illuminate/Pipeline/Pipeline.php(102): call_user_func(Object(Closure), Object(Illuminate\Http\Request))
#16 /Users/joshuajones/Desktop/sideproject/statamic/vendor/laravel/framework/src/Illuminate/Routing/ControllerDispatcher.php(114): Illuminate\Pipeline\Pipeline->then(Object(Closure))
#17 /Users/joshuajones/Desktop/sideproject/statamic/vendor/laravel/framework/src/Illuminate/Routing/ControllerDispatcher.php(68): Illuminate\Routing\ControllerDispatcher->callWithinStack(Object(Statamic\Http\Controllers\PublishPageController), Object(Illuminate\Routing\Route), Object(Illuminate\Http\Request), 'edit')
#18 /Users/joshuajones/Desktop/sideproject/statamic/vendor/laravel/framework/src/Illuminate/Routing/Route.php(203): Illuminate\Routing\ControllerDispatcher->dispatch(Object(Illuminate\Routing\Route), Object(Illuminate\Http\Request), 'Statamic\\Http\\C...', 'edit')
#19 /Users/joshuajones/Desktop/sideproject/statamic/vendor/laravel/framework/src/Illuminate/Routing/Route.php(134): Illuminate\Routing\Route->runWithCustomDispatcher(Object(Illuminate\Http\Request))
#20 /Users/joshuajones/Desktop/sideproject/statamic/vendor/laravel/framework/src/Illuminate/Routing/Router.php(708): Illuminate\Routing\Route->run(Object(Illuminate\Http\Request))
#21 [internal function]: Illuminate\Routing\Router->Illuminate\Routing\{closure}(Object(Illuminate\Http\Request))
#22 /Users/joshuajones/Desktop/sideproject/statamic/vendor/laravel/framework/src/Illuminate/Pipeline/Pipeline.php(139): call_user_func(Object(Closure), Object(Illuminate\Http\Request))
#23 /Users/joshuajones/Desktop/sideproject/statamic/core/Http/Middleware/CP/Authenticate.php(62): Illuminate\Pipeline\Pipeline->Illuminate\Pipeline\{closure}(Object(Illuminate\Http\Request))
#24 [internal function]: Statamic\Http\Middleware\CP\Authenticate->handle(Object(Illuminate\Http\Request), Object(Closure))
#25 /Users/joshuajones/Desktop/sideproject/statamic/vendor/laravel/framework/src/Illuminate/Pipeline/Pipeline.php(124): call_user_func_array(Array, Array)
#26 /Users/joshuajones/Desktop/sideproject/statamic/core/Http/Middleware/Outpost.php(48): Illuminate\Pipeline\Pipeline->Illuminate\Pipeline\{closure}(Object(Illuminate\Http\Request))
#27 [internal function]: Statamic\Http\Middleware\Outpost->handle(Object(Illuminate\Http\Request), Object(Closure))
#28 /Users/joshuajones/Desktop/sideproject/statamic/vendor/laravel/framework/src/Illuminate/Pipeline/Pipeline.php(124): call_user_func_array(Array, Array)
#29 /Users/joshuajones/Desktop/sideproject/statamic/core/Http/Middleware/CP/Localize.php(25): Illuminate\Pipeline\Pipeline->Illuminate\Pipeline\{closure}(Object(Illuminate\Http\Request))
#30 [internal function]: Statamic\Http\Middleware\CP\Localize->handle(Object(Illuminate\Http\Request), Object(Closure))
#31 /Users/joshuajones/Desktop/sideproject/statamic/vendor/laravel/framework/src/Illuminate/Pipeline/Pipeline.php(124): call_user_func_array(Array, Array)
#32 /Users/joshuajones/Desktop/sideproject/statamic/core/Http/Middleware/CP/DefaultLocale.php(28): Illuminate\Pipeline\Pipeline->Illuminate\Pipeline\{closure}(Object(Illuminate\Http\Request))
#33 [internal function]: Statamic\Http\Middleware\CP\DefaultLocale->handle(Object(Illuminate\Http\Request), Object(Closure))
#34 /Users/joshuajones/Desktop/sideproject/statamic/vendor/laravel/framework/src/Illuminate/Pipeline/Pipeline.php(124): call_user_func_array(Array, Array)
#35 /Users/joshuajones/Desktop/sideproject/statamic/core/Http/Middleware/CP/AddHeaders.php(19): Illuminate\Pipeline\Pipeline->Illuminate\Pipeline\{closure}(Object(Illuminate\Http\Request))
#36 [internal function]: Statamic\Http\Middleware\CP\AddHeaders->handle(Object(Illuminate\Http\Request), Object(Closure))
#37 /Users/joshuajones/Desktop/sideproject/statamic/vendor/laravel/framework/src/Illuminate/Pipeline/Pipeline.php(124): call_user_func_array(Array, Array)
#38 /Users/joshuajones/Desktop/sideproject/statamic/core/Http/Middleware/CpEnabled.php(23): Illuminate\Pipeline\Pipeline->Illuminate\Pipeline\{closure}(Object(Illuminate\Http\Request))
#39 [internal function]: Statamic\Http\Middleware\CpEnabled->handle(Object(Illuminate\Http\Request), Object(Closure))
#40 /Users/joshuajones/Desktop/sideproject/statamic/vendor/laravel/framework/src/Illuminate/Pipeline/Pipeline.php(124): call_user_func_array(Array, Array)
#41 [internal function]: Illuminate\Pipeline\Pipeline->Illuminate\Pipeline\{closure}(Object(Illuminate\Http\Request))
#42 /Users/joshuajones/Desktop/sideproject/statamic/vendor/laravel/framework/src/Illuminate/Pipeline/Pipeline.php(102): call_user_func(Object(Closure), Object(Illuminate\Http\Request))
#43 /Users/joshuajones/Desktop/sideproject/statamic/vendor/laravel/framework/src/Illuminate/Routing/Router.php(710): Illuminate\Pipeline\Pipeline->then(Object(Closure))
#44 /Users/joshuajones/Desktop/sideproject/statamic/vendor/laravel/framework/src/Illuminate/Routing/Router.php(674): Illuminate\Routing\Router->runRouteWithinStack(Object(Illuminate\Routing\Route), Object(Illuminate\Http\Request))
#45 /Users/joshuajones/Desktop/sideproject/statamic/vendor/laravel/framework/src/Illuminate/Routing/Router.php(635): Illuminate\Routing\Router->dispatchToRoute(Object(Illuminate\Http\Request))
#46 /Users/joshuajones/Desktop/sideproject/statamic/vendor/laravel/framework/src/Illuminate/Foundation/Http/Kernel.php(236): Illuminate\Routing\Router->dispatch(Object(Illuminate\Http\Request))
#47 [internal function]: Illuminate\Foundation\Http\Kernel->Illuminate\Foundation\Http\{closure}(Object(Illuminate\Http\Request))
#48 /Users/joshuajones/Desktop/sideproject/statamic/vendor/laravel/framework/src/Illuminate/Pipeline/Pipeline.php(139): call_user_func(Object(Closure), Object(Illuminate\Http\Request))
#49 /Users/joshuajones/Desktop/sideproject/statamic/core/Http/Middleware/TransformsRequest.php(31): Illuminate\Pipeline\Pipeline->Illuminate\Pipeline\{closure}(Object(Illuminate\Http\Request))
#50 [internal function]: Statamic\Http\Middleware\TransformsRequest->handle(Object(Illuminate\Http\Request), Object(Closure))
#51 /Users/joshuajones/Desktop/sideproject/statamic/vendor/laravel/framework/src/Illuminate/Pipeline/Pipeline.php(124): call_user_func_array(Array, Array)
#52 /Users/joshuajones/Desktop/sideproject/statamic/vendor/laravel/framework/src/Illuminate/Foundation/Http/Middleware/VerifyCsrfToken.php(50): Illuminate\Pipeline\Pipeline->Illuminate\Pipeline\{closure}(Object(Illuminate\Http\Request))
#53 [internal function]: Illuminate\Foundation\Http\Middleware\VerifyCsrfToken->handle(Object(Illuminate\Http\Request), Object(Closure))
#54 /Users/joshuajones/Desktop/sideproject/statamic/vendor/laravel/framework/src/Illuminate/Pipeline/Pipeline.php(124): call_user_func_array(Array, Array)
#55 /Users/joshuajones/Desktop/sideproject/statamic/vendor/laravel/framework/src/Illuminate/View/Middleware/ShareErrorsFromSession.php(49): Illuminate\Pipeline\Pipeline->Illuminate\Pipeline\{closure}(Object(Illuminate\Http\Request))
#56 [internal function]: Illuminate\View\Middleware\ShareErrorsFromSession->handle(Object(Illuminate\Http\Request), Object(Closure))
#57 /Users/joshuajones/Desktop/sideproject/statamic/vendor/laravel/framework/src/Illuminate/Pipeline/Pipeline.php(124): call_user_func_array(Array, Array)
#58 /Users/joshuajones/Desktop/sideproject/statamic/vendor/laravel/framework/src/Illuminate/Session/Middleware/StartSession.php(62): Illuminate\Pipeline\Pipeline->Illuminate\Pipeline\{closure}(Object(Illuminate\Http\Request))
#59 [internal function]: Illuminate\Session\Middleware\StartSession->handle(Object(Illuminate\Http\Request), Object(Closure))
#60 /Users/joshuajones/Desktop/sideproject/statamic/vendor/laravel/framework/src/Illuminate/Pipeline/Pipeline.php(124): call_user_func_array(Array, Array)
#61 /Users/joshuajones/Desktop/sideproject/statamic/vendor/laravel/framework/src/Illuminate/Cookie/Middleware/AddQueuedCookiesToResponse.php(37): Illuminate\Pipeline\Pipeline->Illuminate\Pipeline\{closure}(Object(Illuminate\Http\Request))
#62 [internal function]: Illuminate\Cookie\Middleware\AddQueuedCookiesToResponse->handle(Object(Illuminate\Http\Request), Object(Closure))
#63 /Users/joshuajones/Desktop/sideproject/statamic/vendor/laravel/framework/src/Illuminate/Pipeline/Pipeline.php(124): call_user_func_array(Array, Array)
#64 /Users/joshuajones/Desktop/sideproject/statamic/vendor/laravel/framework/src/Illuminate/Cookie/Middleware/EncryptCookies.php(59): Illuminate\Pipeline\Pipeline->Illuminate\Pipeline\{closure}(Object(Illuminate\Http\Request))
#65 [internal function]: Illuminate\Cookie\Middleware\EncryptCookies->handle(Object(Illuminate\Http\Request), Object(Closure))
#66 /Users/joshuajones/Desktop/sideproject/statamic/vendor/laravel/framework/src/Illuminate/Pipeline/Pipeline.php(124): call_user_func_array(Array, Array)
#67 /Users/joshuajones/Desktop/sideproject/statamic/core/StaticCaching/Middleware/Retrieve.php(33): Illuminate\Pipeline\Pipeline->Illuminate\Pipeline\{closure}(Object(Illuminate\Http\Request))
#68 [internal function]: Statamic\StaticCaching\Middleware\Retrieve->handle(Object(Illuminate\Http\Request), Object(Closure))
#69 /Users/joshuajones/Desktop/sideproject/statamic/vendor/laravel/framework/src/Illuminate/Pipeline/Pipeline.php(124): call_user_func_array(Array, Array)
#70 /Users/joshuajones/Desktop/sideproject/statamic/vendor/laravel/framework/src/Illuminate/Foundation/Http/Middleware/CheckForMaintenanceMode.php(44): Illuminate\Pipeline\Pipeline->Illuminate\Pipeline\{closure}(Object(Illuminate\Http\Request))
#71 [internal function]: Illuminate\Foundation\Http\Middleware\CheckForMaintenanceMode->handle(Object(Illuminate\Http\Request), Object(Closure))
#72 /Users/joshuajones/Desktop/sideproject/statamic/vendor/laravel/framework/src/Illuminate/Pipeline/Pipeline.php(124): call_user_func_array(Array, Array)
#73 [internal function]: Illuminate\Pipeline\Pipeline->Illuminate\Pipeline\{closure}(Object(Illuminate\Http\Request))
#74 /Users/joshuajones/Desktop/sideproject/statamic/vendor/laravel/framework/src/Illuminate/Pipeline/Pipeline.php(102): call_user_func(Object(Closure), Object(Illuminate\Http\Request))
#75 /Users/joshuajones/Desktop/sideproject/statamic/vendor/laravel/framework/src/Illuminate/Foundation/Http/Kernel.php(122): Illuminate\Pipeline\Pipeline->then(Object(Closure))
#76 /Users/joshuajones/Desktop/sideproject/statamic/vendor/laravel/framework/src/Illuminate/Foundation/Http/Kernel.php(87): Illuminate\Foundation\Http\Kernel->sendRequestThroughRouter(Object(Illuminate\Http\Request))
#77 /Users/joshuajones/Desktop/sideproject/index.php(167): Illuminate\Foundation\Http\Kernel->handle(Object(Illuminate\Http\Request))
#78 /Users/joshuajones/.composer/vendor/laravel/valet/server.php(191): require('/Users/joshuajo...')
#79 {main}  
[2020-04-08 22:30:23] dev.ERROR: Cannot render an array variable as a string: {{ image }}  
[2020-04-08 22:36:45] dev.ERROR: Symfony\Component\Debug\Exception\FatalThrowableError: Parse error: syntax error, unexpected end of file, expecting elseif (T_ELSEIF) or else (T_ELSE) or endif (T_ENDIF) in /Users/joshuajones/Desktop/sideproject/statamic/core/View/Antlers/Parser.php(1235) : eval()'d code:8
Stack trace:
#0 /Users/joshuajones/Desktop/sideproject/statamic/core/View/Antlers/Parser.php(772): Statamic\View\Antlers\Parser->parsePhp('\n        <?php ...')
#1 /Users/joshuajones/Desktop/sideproject/statamic/core/View/Antlers/Parser.php(254): Statamic\View\Antlers\Parser->parseConditionals('\n        <?php ...', Array, Array)
#2 /Users/joshuajones/Desktop/sideproject/statamic/core/View/Antlers/Parser.php(109): Statamic\View\Antlers\Parser->parseVariables('<div class="con...', Array, Array)
#3 /Users/joshuajones/Desktop/sideproject/statamic/core/View/Antlers/Template.php(32): Statamic\View\Antlers\Parser->parse('<div class="con...', Array, Array, false)
#4 /Users/joshuajones/Desktop/sideproject/statamic/core/API/Parse.php(22): Statamic\View\Antlers\Template::parse('<div class="con...', Array, Array)
#5 /Users/joshuajones/Desktop/sideproject/statamic/core/View/Antlers/Engine.php(70): Statamic\API\Parse::template('<div class="con...', Array)
#6 /Users/joshuajones/Desktop/sideproject/statamic/vendor/laravel/framework/src/Illuminate/View/View.php(147): Statamic\View\Antlers\Engine->get('/Users/joshuajo...', Array)
#7 /Users/joshuajones/Desktop/sideproject/statamic/vendor/laravel/framework/src/Illuminate/View/View.php(118): Illuminate\View\View->getContents()
#8 /Users/joshuajones/Desktop/sideproject/statamic/vendor/laravel/framework/src/Illuminate/View/View.php(83): Illuminate\View\View->renderContents()
#9 /Users/joshuajones/Desktop/sideproject/statamic/vendor/laravel/framework/src/Illuminate/Http/Response.php(51): Illuminate\View\View->render()
#10 /Users/joshuajones/Desktop/sideproject/statamic/core/Http/Controllers/StatamicController.php(263): Illuminate\Http\Response->setContent(Object(Illuminate\View\View))
#11 [internal function]: Statamic\Http\Controllers\StatamicController->index('/')
#12 /Users/joshuajones/Desktop/sideproject/statamic/vendor/laravel/framework/src/Illuminate/Routing/Controller.php(256): call_user_func_array(Array, Array)
#13 /Users/joshuajones/Desktop/sideproject/statamic/vendor/laravel/framework/src/Illuminate/Routing/ControllerDispatcher.php(164): Illuminate\Routing\Controller->callAction('index', Array)
#14 /Users/joshuajones/Desktop/sideproject/statamic/vendor/laravel/framework/src/Illuminate/Routing/ControllerDispatcher.php(112): Illuminate\Routing\ControllerDispatcher->call(Object(Statamic\Http\Controllers\StatamicController), Object(Illuminate\Routing\Route), 'index')
#15 [internal function]: Illuminate\Routing\ControllerDispatcher->Illuminate\Routing\{closure}(Object(Illuminate\Http\Request))
#16 /Users/joshuajones/Desktop/sideproject/statamic/vendor/laravel/framework/src/Illuminate/Pipeline/Pipeline.php(139): call_user_func(Object(Closure), Object(Illuminate\Http\Request))
#17 [internal function]: Illuminate\Pipeline\Pipeline->Illuminate\Pipeline\{closure}(Object(Illuminate\Http\Request))
#18 /Users/joshuajones/Desktop/sideproject/statamic/vendor/laravel/framework/src/Illuminate/Pipeline/Pipeline.php(102): call_user_func(Object(Closure), Object(Illuminate\Http\Request))
#19 /Users/joshuajones/Desktop/sideproject/statamic/vendor/laravel/framework/src/Illuminate/Routing/ControllerDispatcher.php(114): Illuminate\Pipeline\Pipeline->then(Object(Closure))
#20 /Users/joshuajones/Desktop/sideproject/statamic/vendor/laravel/framework/src/Illuminate/Routing/ControllerDispatcher.php(68): Illuminate\Routing\ControllerDispatcher->callWithinStack(Object(Statamic\Http\Controllers\StatamicController), Object(Illuminate\Routing\Route), Object(Illuminate\Http\Request), 'index')
#21 /Users/joshuajones/Desktop/sideproject/statamic/vendor/laravel/framework/src/Illuminate/Routing/Route.php(203): Illuminate\Routing\ControllerDispatcher->dispatch(Object(Illuminate\Routing\Route), Object(Illuminate\Http\Request), 'Statamic\\Http\\C...', 'index')
#22 /Users/joshuajones/Desktop/sideproject/statamic/vendor/laravel/framework/src/Illuminate/Routing/Route.php(134): Illuminate\Routing\Route->runWithCustomDispatcher(Object(Illuminate\Http\Request))
#23 /Users/joshuajones/Desktop/sideproject/statamic/vendor/laravel/framework/src/Illuminate/Routing/Router.php(708): Illuminate\Routing\Route->run(Object(Illuminate\Http\Request))
#24 [internal function]: Illuminate\Routing\Router->Illuminate\Routing\{closure}(Object(Illuminate\Http\Request))
#25 /Users/joshuajones/Desktop/sideproject/statamic/vendor/laravel/framework/src/Illuminate/Pipeline/Pipeline.php(139): call_user_func(Object(Closure), Object(Illuminate\Http\Request))
#26 /Users/joshuajones/Desktop/sideproject/statamic/core/StaticCaching/Middleware/Cache.php(30): Illuminate\Pipeline\Pipeline->Illuminate\Pipeline\{closure}(Object(Illuminate\Http\Request))
#27 [internal function]: Statamic\StaticCaching\Middleware\Cache->handle(Object(Illuminate\Http\Request), Object(Closure))
#28 /Users/joshuajones/Desktop/sideproject/statamic/vendor/laravel/framework/src/Illuminate/Pipeline/Pipeline.php(124): call_user_func_array(Array, Array)
#29 [internal function]: Illuminate\Pipeline\Pipeline->Illuminate\Pipeline\{closure}(Object(Illuminate\Http\Request))
#30 /Users/joshuajones/Desktop/sideproject/statamic/vendor/laravel/framework/src/Illuminate/Pipeline/Pipeline.php(102): call_user_func(Object(Closure), Object(Illuminate\Http\Request))
#31 /Users/joshuajones/Desktop/sideproject/statamic/vendor/laravel/framework/src/Illuminate/Routing/Router.php(710): Illuminate\Pipeline\Pipeline->then(Object(Closure))
#32 /Users/joshuajones/Desktop/sideproject/statamic/vendor/laravel/framework/src/Illuminate/Routing/Router.php(674): Illuminate\Routing\Router->runRouteWithinStack(Object(Illuminate\Routing\Route), Object(Illuminate\Http\Request))
#33 /Users/joshuajones/Desktop/sideproject/statamic/vendor/laravel/framework/src/Illuminate/Routing/Router.php(635): Illuminate\Routing\Router->dispatchToRoute(Object(Illuminate\Http\Request))
#34 /Users/joshuajones/Desktop/sideproject/statamic/vendor/laravel/framework/src/Illuminate/Foundation/Http/Kernel.php(236): Illuminate\Routing\Router->dispatch(Object(Illuminate\Http\Request))
#35 [internal function]: Illuminate\Foundation\Http\Kernel->Illuminate\Foundation\Http\{closure}(Object(Illuminate\Http\Request))
#36 /Users/joshuajones/Desktop/sideproject/statamic/vendor/laravel/framework/src/Illuminate/Pipeline/Pipeline.php(139): call_user_func(Object(Closure), Object(Illuminate\Http\Request))
#37 /Users/joshuajones/Desktop/sideproject/statamic/core/Http/Middleware/TransformsRequest.php(31): Illuminate\Pipeline\Pipeline->Illuminate\Pipeline\{closure}(Object(Illuminate\Http\Request))
#38 [internal function]: Statamic\Http\Middleware\TransformsRequest->handle(Object(Illuminate\Http\Request), Object(Closure))
#39 /Users/joshuajones/Desktop/sideproject/statamic/vendor/laravel/framework/src/Illuminate/Pipeline/Pipeline.php(124): call_user_func_array(Array, Array)
#40 /Users/joshuajones/Desktop/sideproject/statamic/vendor/laravel/framework/src/Illuminate/Foundation/Http/Middleware/VerifyCsrfToken.php(50): Illuminate\Pipeline\Pipeline->Illuminate\Pipeline\{closure}(Object(Illuminate\Http\Request))
#41 [internal function]: Illuminate\Foundation\Http\Middleware\VerifyCsrfToken->handle(Object(Illuminate\Http\Request), Object(Closure))
#42 /Users/joshuajones/Desktop/sideproject/statamic/vendor/laravel/framework/src/Illuminate/Pipeline/Pipeline.php(124): call_user_func_array(Array, Array)
#43 /Users/joshuajones/Desktop/sideproject/statamic/vendor/laravel/framework/src/Illuminate/View/Middleware/ShareErrorsFromSession.php(49): Illuminate\Pipeline\Pipeline->Illuminate\Pipeline\{closure}(Object(Illuminate\Http\Request))
#44 [internal function]: Illuminate\View\Middleware\ShareErrorsFromSession->handle(Object(Illuminate\Http\Request), Object(Closure))
#45 /Users/joshuajones/Desktop/sideproject/statamic/vendor/laravel/framework/src/Illuminate/Pipeline/Pipeline.php(124): call_user_func_array(Array, Array)
#46 /Users/joshuajones/Desktop/sideproject/statamic/vendor/laravel/framework/src/Illuminate/Session/Middleware/StartSession.php(62): Illuminate\Pipeline\Pipeline->Illuminate\Pipeline\{closure}(Object(Illuminate\Http\Request))
#47 [internal function]: Illuminate\Session\Middleware\StartSession->handle(Object(Illuminate\Http\Request), Object(Closure))
#48 /Users/joshuajones/Desktop/sideproject/statamic/vendor/laravel/framework/src/Illuminate/Pipeline/Pipeline.php(124): call_user_func_array(Array, Array)
#49 /Users/joshuajones/Desktop/sideproject/statamic/vendor/laravel/framework/src/Illuminate/Cookie/Middleware/AddQueuedCookiesToResponse.php(37): Illuminate\Pipeline\Pipeline->Illuminate\Pipeline\{closure}(Object(Illuminate\Http\Request))
#50 [internal function]: Illuminate\Cookie\Middleware\AddQueuedCookiesToResponse->handle(Object(Illuminate\Http\Request), Object(Closure))
#51 /Users/joshuajones/Desktop/sideproject/statamic/vendor/laravel/framework/src/Illuminate/Pipeline/Pipeline.php(124): call_user_func_array(Array, Array)
#52 /Users/joshuajones/Desktop/sideproject/statamic/vendor/laravel/framework/src/Illuminate/Cookie/Middleware/EncryptCookies.php(59): Illuminate\Pipeline\Pipeline->Illuminate\Pipeline\{closure}(Object(Illuminate\Http\Request))
#53 [internal function]: Illuminate\Cookie\Middleware\EncryptCookies->handle(Object(Illuminate\Http\Request), Object(Closure))
#54 /Users/joshuajones/Desktop/sideproject/statamic/vendor/laravel/framework/src/Illuminate/Pipeline/Pipeline.php(124): call_user_func_array(Array, Array)
#55 /Users/joshuajones/Desktop/sideproject/statamic/core/StaticCaching/Middleware/Retrieve.php(33): Illuminate\Pipeline\Pipeline->Illuminate\Pipeline\{closure}(Object(Illuminate\Http\Request))
#56 [internal function]: Statamic\StaticCaching\Middleware\Retrieve->handle(Object(Illuminate\Http\Request), Object(Closure))
#57 /Users/joshuajones/Desktop/sideproject/statamic/vendor/laravel/framework/src/Illuminate/Pipeline/Pipeline.php(124): call_user_func_array(Array, Array)
#58 /Users/joshuajones/Desktop/sideproject/statamic/vendor/laravel/framework/src/Illuminate/Foundation/Http/Middleware/CheckForMaintenanceMode.php(44): Illuminate\Pipeline\Pipeline->Illuminate\Pipeline\{closure}(Object(Illuminate\Http\Request))
#59 [internal function]: Illuminate\Foundation\Http\Middleware\CheckForMaintenanceMode->handle(Object(Illuminate\Http\Request), Object(Closure))
#60 /Users/joshuajones/Desktop/sideproject/statamic/vendor/laravel/framework/src/Illuminate/Pipeline/Pipeline.php(124): call_user_func_array(Array, Array)
#61 [internal function]: Illuminate\Pipeline\Pipeline->Illuminate\Pipeline\{closure}(Object(Illuminate\Http\Request))
#62 /Users/joshuajones/Desktop/sideproject/statamic/vendor/laravel/framework/src/Illuminate/Pipeline/Pipeline.php(102): call_user_func(Object(Closure), Object(Illuminate\Http\Request))
#63 /Users/joshuajones/Desktop/sideproject/statamic/vendor/laravel/framework/src/Illuminate/Foundation/Http/Kernel.php(122): Illuminate\Pipeline\Pipeline->then(Object(Closure))
#64 /Users/joshuajones/Desktop/sideproject/statamic/vendor/laravel/framework/src/Illuminate/Foundation/Http/Kernel.php(87): Illuminate\Foundation\Http\Kernel->sendRequestThroughRouter(Object(Illuminate\Http\Request))
#65 /Users/joshuajones/Desktop/sideproject/index.php(167): Illuminate\Foundation\Http\Kernel->handle(Object(Illuminate\Http\Request))
#66 /Users/joshuajones/.composer/vendor/laravel/valet/server.php(191): require('/Users/joshuajo...')
#67 {main}  
